{"C:\\Users\\humbe\\Documents\\projetos\\spotify-example-webpack\\src\\app\\App.js": {"path":"C:\\Users\\humbe\\Documents\\projetos\\spotify-example-webpack\\src\\app\\App.js","statementMap":{"0":{"start":{"line":12,"column":12},"end":{"line":29,"column":1}},"1":{"start":{"line":13,"column":2},"end":{"line":28,"column":13}}},"fnMap":{"0":{"name":"(anonymous_0)","decl":{"start":{"line":12,"column":12},"end":{"line":12,"column":13}},"loc":{"start":{"line":13,"column":2},"end":{"line":28,"column":13}},"line":13}},"branchMap":{},"s":{"0":0,"1":0},"f":{"0":0},"b":{}}
,"C:\\Users\\humbe\\Documents\\projetos\\spotify-example-webpack\\src\\components\\AlbumCover\\AlbumCover.js": {"path":"C:\\Users\\humbe\\Documents\\projetos\\spotify-example-webpack\\src\\components\\AlbumCover\\AlbumCover.js","statementMap":{"0":{"start":{"line":9,"column":18},"end":{"line":9,"column":30}},"1":{"start":{"line":10,"column":19},"end":{"line":10,"column":32}},"2":{"start":{"line":11,"column":2},"end":{"line":11,"column":25}},"3":{"start":{"line":11,"column":14},"end":{"line":11,"column":25}},"4":{"start":{"line":12,"column":17},"end":{"line":12,"column":38}},"5":{"start":{"line":14,"column":30},"end":{"line":17,"column":3}},"6":{"start":{"line":15,"column":4},"end":{"line":15,"column":41}},"7":{"start":{"line":16,"column":4},"end":{"line":16,"column":49}},"8":{"start":{"line":19,"column":2},"end":{"line":42,"column":3}},"9":{"start":{"line":24,"column":12},"end":{"line":30,"column":14}}},"fnMap":{"0":{"name":"AlbumCover","decl":{"start":{"line":8,"column":24},"end":{"line":8,"column":34}},"loc":{"start":{"line":8,"column":46},"end":{"line":43,"column":1}},"line":8},"1":{"name":"(anonymous_1)","decl":{"start":{"line":14,"column":30},"end":{"line":14,"column":31}},"loc":{"start":{"line":14,"column":36},"end":{"line":17,"column":3}},"line":14},"2":{"name":"(anonymous_2)","decl":{"start":{"line":23,"column":27},"end":{"line":23,"column":28}},"loc":{"start":{"line":24,"column":12},"end":{"line":30,"column":14}},"line":24}},"branchMap":{"0":{"loc":{"start":{"line":11,"column":2},"end":{"line":11,"column":25}},"type":"if","locations":[{"start":{"line":11,"column":2},"end":{"line":11,"column":25}},{"start":{"line":11,"column":2},"end":{"line":11,"column":25}}],"line":11},"1":{"loc":{"start":{"line":22,"column":9},"end":{"line":31,"column":12}},"type":"binary-expr","locations":[{"start":{"line":22,"column":9},"end":{"line":22,"column":21}},{"start":{"line":23,"column":10},"end":{"line":31,"column":12}}],"line":22}},"s":{"0":5,"1":5,"2":5,"3":1,"4":4,"5":4,"6":1,"7":1,"8":4,"9":12},"f":{"0":5,"1":1,"2":12},"b":{"0":[1,4],"1":[4,4]},"_coverageSchema":"1a1c01bbd47fc00a2c39e90264f33305004495a9","hash":"fba9b89f80434cfd24292a3c5076066147b594a2"}
,"C:\\Users\\humbe\\Documents\\projetos\\spotify-example-webpack\\src\\components\\AlbumCoverBig\\AlbumCoverBig.js": {"path":"C:\\Users\\humbe\\Documents\\projetos\\spotify-example-webpack\\src\\components\\AlbumCoverBig\\AlbumCoverBig.js","statementMap":{"0":{"start":{"line":11,"column":2},"end":{"line":11,"column":20}},"1":{"start":{"line":11,"column":14},"end":{"line":11,"column":20}},"2":{"start":{"line":17,"column":2},"end":{"line":41,"column":3}},"3":{"start":{"line":21,"column":10},"end":{"line":27,"column":12}}},"fnMap":{"0":{"name":"AlbumCoverBig","decl":{"start":{"line":8,"column":24},"end":{"line":8,"column":37}},"loc":{"start":{"line":8,"column":49},"end":{"line":42,"column":1}},"line":8},"1":{"name":"(anonymous_1)","decl":{"start":{"line":20,"column":26},"end":{"line":20,"column":27}},"loc":{"start":{"line":21,"column":10},"end":{"line":27,"column":12}},"line":21}},"branchMap":{"0":{"loc":{"start":{"line":11,"column":2},"end":{"line":11,"column":20}},"type":"if","locations":[{"start":{"line":11,"column":2},"end":{"line":11,"column":20}},{"start":{"line":11,"column":2},"end":{"line":11,"column":20}}],"line":11},"1":{"loc":{"start":{"line":29,"column":9},"end":{"line":35,"column":9}},"type":"binary-expr","locations":[{"start":{"line":29,"column":9},"end":{"line":29,"column":32}},{"start":{"line":30,"column":10},"end":{"line":34,"column":12}}],"line":29}},"s":{"0":0,"1":0,"2":0,"3":0},"f":{"0":0,"1":0},"b":{"0":[0,0],"1":[0,0]}}
,"C:\\Users\\humbe\\Documents\\projetos\\spotify-example-webpack\\src\\components\\Article\\Article.js": {"path":"C:\\Users\\humbe\\Documents\\projetos\\spotify-example-webpack\\src\\components\\Article\\Article.js","statementMap":{"0":{"start":{"line":5,"column":2},"end":{"line":5,"column":38}}},"fnMap":{"0":{"name":"Article","decl":{"start":{"line":4,"column":24},"end":{"line":4,"column":31}},"loc":{"start":{"line":4,"column":53},"end":{"line":6,"column":1}},"line":4}},"branchMap":{"0":{"loc":{"start":{"line":4,"column":34},"end":{"line":4,"column":49}},"type":"default-arg","locations":[{"start":{"line":4,"column":45},"end":{"line":4,"column":49}}],"line":4}},"s":{"0":2},"f":{"0":2},"b":{"0":[1]},"_coverageSchema":"1a1c01bbd47fc00a2c39e90264f33305004495a9","hash":"93faa81747dfcb8f3ad485d0bca33c15dbc4284a"}
,"C:\\Users\\humbe\\Documents\\projetos\\spotify-example-webpack\\src\\components\\Browser\\Browser.js": {"path":"C:\\Users\\humbe\\Documents\\projetos\\spotify-example-webpack\\src\\components\\Browser\\Browser.js","statementMap":{"0":{"start":{"line":8,"column":22},"end":{"line":8,"column":61}},"1":{"start":{"line":8,"column":43},"end":{"line":8,"column":60}},"2":{"start":{"line":10,"column":28},"end":{"line":10,"column":57}},"3":{"start":{"line":12,"column":2},"end":{"line":14,"column":21}},"4":{"start":{"line":13,"column":4},"end":{"line":13,"column":27}},"5":{"start":{"line":16,"column":2},"end":{"line":20,"column":13}},"6":{"start":{"line":17,"column":4},"end":{"line":19,"column":5}},"7":{"start":{"line":18,"column":6},"end":{"line":18,"column":41}},"8":{"start":{"line":22,"column":30},"end":{"line":24,"column":3}},"9":{"start":{"line":23,"column":4},"end":{"line":23,"column":28}},"10":{"start":{"line":25,"column":19},"end":{"line":25,"column":32}},"11":{"start":{"line":27,"column":38},"end":{"line":30,"column":3}},"12":{"start":{"line":28,"column":4},"end":{"line":28,"column":22}},"13":{"start":{"line":28,"column":16},"end":{"line":28,"column":22}},"14":{"start":{"line":29,"column":4},"end":{"line":29,"column":40}},"15":{"start":{"line":32,"column":23},"end":{"line":35,"column":3}},"16":{"start":{"line":33,"column":4},"end":{"line":33,"column":22}},"17":{"start":{"line":33,"column":16},"end":{"line":33,"column":22}},"18":{"start":{"line":34,"column":4},"end":{"line":34,"column":40}},"19":{"start":{"line":37,"column":2},"end":{"line":48,"column":3}}},"fnMap":{"0":{"name":"Browser","decl":{"start":{"line":7,"column":24},"end":{"line":7,"column":31}},"loc":{"start":{"line":7,"column":34},"end":{"line":49,"column":1}},"line":7},"1":{"name":"(anonymous_1)","decl":{"start":{"line":8,"column":34},"end":{"line":8,"column":35}},"loc":{"start":{"line":8,"column":43},"end":{"line":8,"column":60}},"line":8},"2":{"name":"(anonymous_2)","decl":{"start":{"line":12,"column":12},"end":{"line":12,"column":13}},"loc":{"start":{"line":12,"column":18},"end":{"line":14,"column":3}},"line":12},"3":{"name":"(anonymous_3)","decl":{"start":{"line":16,"column":12},"end":{"line":16,"column":13}},"loc":{"start":{"line":16,"column":18},"end":{"line":20,"column":3}},"line":16},"4":{"name":"(anonymous_4)","decl":{"start":{"line":22,"column":30},"end":{"line":22,"column":31}},"loc":{"start":{"line":22,"column":35},"end":{"line":24,"column":3}},"line":22},"5":{"name":"(anonymous_5)","decl":{"start":{"line":27,"column":38},"end":{"line":27,"column":39}},"loc":{"start":{"line":27,"column":44},"end":{"line":30,"column":3}},"line":27},"6":{"name":"(anonymous_6)","decl":{"start":{"line":32,"column":23},"end":{"line":32,"column":24}},"loc":{"start":{"line":32,"column":29},"end":{"line":35,"column":3}},"line":32}},"branchMap":{"0":{"loc":{"start":{"line":10,"column":37},"end":{"line":10,"column":56}},"type":"binary-expr","locations":[{"start":{"line":10,"column":37},"end":{"line":10,"column":50}},{"start":{"line":10,"column":54},"end":{"line":10,"column":56}}],"line":10},"1":{"loc":{"start":{"line":17,"column":4},"end":{"line":19,"column":5}},"type":"if","locations":[{"start":{"line":17,"column":4},"end":{"line":19,"column":5}},{"start":{"line":17,"column":4},"end":{"line":19,"column":5}}],"line":17},"2":{"loc":{"start":{"line":17,"column":8},"end":{"line":17,"column":36}},"type":"binary-expr","locations":[{"start":{"line":17,"column":8},"end":{"line":17,"column":14}},{"start":{"line":17,"column":18},"end":{"line":17,"column":36}}],"line":17},"3":{"loc":{"start":{"line":28,"column":4},"end":{"line":28,"column":22}},"type":"if","locations":[{"start":{"line":28,"column":4},"end":{"line":28,"column":22}},{"start":{"line":28,"column":4},"end":{"line":28,"column":22}}],"line":28},"4":{"loc":{"start":{"line":33,"column":4},"end":{"line":33,"column":22}},"type":"if","locations":[{"start":{"line":33,"column":4},"end":{"line":33,"column":22}},{"start":{"line":33,"column":4},"end":{"line":33,"column":22}}],"line":33}},"s":{"0":0,"1":0,"2":0,"3":0,"4":0,"5":0,"6":0,"7":0,"8":0,"9":0,"10":0,"11":0,"12":0,"13":0,"14":0,"15":0,"16":0,"17":0,"18":0,"19":0},"f":{"0":0,"1":0,"2":0,"3":0,"4":0,"5":0,"6":0},"b":{"0":[0,0],"1":[0,0],"2":[0,0],"3":[0,0],"4":[0,0]}}
,"C:\\Users\\humbe\\Documents\\projetos\\spotify-example-webpack\\src\\components\\Header\\Header.js": {"path":"C:\\Users\\humbe\\Documents\\projetos\\spotify-example-webpack\\src\\components\\Header\\Header.js","statementMap":{"0":{"start":{"line":4,"column":2},"end":{"line":4,"column":36}}},"fnMap":{"0":{"name":"Header","decl":{"start":{"line":3,"column":24},"end":{"line":3,"column":30}},"loc":{"start":{"line":3,"column":52},"end":{"line":5,"column":1}},"line":3}},"branchMap":{"0":{"loc":{"start":{"line":3,"column":33},"end":{"line":3,"column":48}},"type":"default-arg","locations":[{"start":{"line":3,"column":44},"end":{"line":3,"column":48}}],"line":3}},"s":{"0":2},"f":{"0":2},"b":{"0":[1]},"_coverageSchema":"1a1c01bbd47fc00a2c39e90264f33305004495a9","hash":"e7d3f7cf9cc1decd7edf955371ac73937b409f56"}
,"C:\\Users\\humbe\\Documents\\projetos\\spotify-example-webpack\\src\\components\\Label\\Label.js": {"path":"C:\\Users\\humbe\\Documents\\projetos\\spotify-example-webpack\\src\\components\\Label\\Label.js","statementMap":{"0":{"start":{"line":5,"column":2},"end":{"line":9,"column":3}}},"fnMap":{"0":{"name":"Label","decl":{"start":{"line":4,"column":24},"end":{"line":4,"column":29}},"loc":{"start":{"line":4,"column":71},"end":{"line":10,"column":1}},"line":4}},"branchMap":{"0":{"loc":{"start":{"line":4,"column":32},"end":{"line":4,"column":47}},"type":"default-arg","locations":[{"start":{"line":4,"column":43},"end":{"line":4,"column":47}}],"line":4}},"s":{"0":2},"f":{"0":2},"b":{"0":[1]},"_coverageSchema":"1a1c01bbd47fc00a2c39e90264f33305004495a9","hash":"fd1ee8895cf361766554d37bd792e98a89851602"}
,"C:\\Users\\humbe\\Documents\\projetos\\spotify-example-webpack\\src\\components\\List\\List.js": {"path":"C:\\Users\\humbe\\Documents\\projetos\\spotify-example-webpack\\src\\components\\List\\List.js","statementMap":{"0":{"start":{"line":7,"column":2},"end":{"line":16,"column":3}},"1":{"start":{"line":12,"column":10},"end":{"line":12,"column":64}}},"fnMap":{"0":{"name":"List","decl":{"start":{"line":6,"column":24},"end":{"line":6,"column":28}},"loc":{"start":{"line":6,"column":58},"end":{"line":17,"column":1}},"line":6},"1":{"name":"(anonymous_1)","decl":{"start":{"line":11,"column":20},"end":{"line":11,"column":21}},"loc":{"start":{"line":12,"column":10},"end":{"line":12,"column":64}},"line":12}},"branchMap":{"0":{"loc":{"start":{"line":6,"column":31},"end":{"line":6,"column":41}},"type":"default-arg","locations":[{"start":{"line":6,"column":39},"end":{"line":6,"column":41}}],"line":6},"1":{"loc":{"start":{"line":6,"column":43},"end":{"line":6,"column":54}},"type":"default-arg","locations":[{"start":{"line":6,"column":52},"end":{"line":6,"column":54}}],"line":6}},"s":{"0":0,"1":0},"f":{"0":0,"1":0},"b":{"0":[0],"1":[0]}}
,"C:\\Users\\humbe\\Documents\\projetos\\spotify-example-webpack\\src\\components\\Logo\\Logo.js": {"path":"C:\\Users\\humbe\\Documents\\projetos\\spotify-example-webpack\\src\\components\\Logo\\Logo.js","statementMap":{"0":{"start":{"line":5,"column":2},"end":{"line":5,"column":41}}},"fnMap":{"0":{"name":"Logo","decl":{"start":{"line":4,"column":24},"end":{"line":4,"column":28}},"loc":{"start":{"line":4,"column":31},"end":{"line":6,"column":1}},"line":4}},"branchMap":{},"s":{"0":0},"f":{"0":0},"b":{}}
,"C:\\Users\\humbe\\Documents\\projetos\\spotify-example-webpack\\src\\components\\P\\P.js": {"path":"C:\\Users\\humbe\\Documents\\projetos\\spotify-example-webpack\\src\\components\\P\\P.js","statementMap":{"0":{"start":{"line":4,"column":2},"end":{"line":4,"column":48}}},"fnMap":{"0":{"name":"P","decl":{"start":{"line":3,"column":24},"end":{"line":3,"column":25}},"loc":{"start":{"line":3,"column":58},"end":{"line":5,"column":1}},"line":3}},"branchMap":{"0":{"loc":{"start":{"line":3,"column":28},"end":{"line":3,"column":43}},"type":"default-arg","locations":[{"start":{"line":3,"column":39},"end":{"line":3,"column":43}}],"line":3}},"s":{"0":10},"f":{"0":10},"b":{"0":[1]},"_coverageSchema":"1a1c01bbd47fc00a2c39e90264f33305004495a9","hash":"ceb92064adb951b133752805ca1cf17114ead9ba"}
,"C:\\Users\\humbe\\Documents\\projetos\\spotify-example-webpack\\src\\components\\PrivateRoute\\PrivateRoute.js": {"path":"C:\\Users\\humbe\\Documents\\projetos\\spotify-example-webpack\\src\\components\\PrivateRoute\\PrivateRoute.js","statementMap":{"0":{"start":{"line":7,"column":2},"end":{"line":12,"column":3}},"1":{"start":{"line":8,"column":4},"end":{"line":11,"column":5}},"2":{"start":{"line":14,"column":17},"end":{"line":14,"column":71}},"3":{"start":{"line":15,"column":25},"end":{"line":17,"column":10}},"4":{"start":{"line":18,"column":2},"end":{"line":20,"column":3}},"5":{"start":{"line":19,"column":4},"end":{"line":19,"column":50}},"6":{"start":{"line":22,"column":24},"end":{"line":22,"column":41}},"7":{"start":{"line":24,"column":2},"end":{"line":31,"column":3}},"8":{"start":{"line":28,"column":8},"end":{"line":28,"column":76}}},"fnMap":{"0":{"name":"PrivateRoute","decl":{"start":{"line":6,"column":24},"end":{"line":6,"column":36}},"loc":{"start":{"line":6,"column":67},"end":{"line":32,"column":1}},"line":6},"1":{"name":"(anonymous_1)","decl":{"start":{"line":27,"column":14},"end":{"line":27,"column":15}},"loc":{"start":{"line":28,"column":8},"end":{"line":28,"column":76}},"line":28}},"branchMap":{"0":{"loc":{"start":{"line":7,"column":2},"end":{"line":12,"column":3}},"type":"if","locations":[{"start":{"line":7,"column":2},"end":{"line":12,"column":3}},{"start":{"line":7,"column":2},"end":{"line":12,"column":3}}],"line":7},"1":{"loc":{"start":{"line":14,"column":18},"end":{"line":14,"column":63}},"type":"binary-expr","locations":[{"start":{"line":14,"column":18},"end":{"line":14,"column":57}},{"start":{"line":14,"column":61},"end":{"line":14,"column":63}}],"line":14},"2":{"loc":{"start":{"line":14,"column":19},"end":{"line":14,"column":49}},"type":"binary-expr","locations":[{"start":{"line":14,"column":19},"end":{"line":14,"column":43}},{"start":{"line":14,"column":47},"end":{"line":14,"column":49}}],"line":14},"3":{"loc":{"start":{"line":16,"column":4},"end":{"line":16,"column":49}},"type":"binary-expr","locations":[{"start":{"line":16,"column":4},"end":{"line":16,"column":43}},{"start":{"line":16,"column":47},"end":{"line":16,"column":49}}],"line":16},"4":{"loc":{"start":{"line":16,"column":5},"end":{"line":16,"column":35}},"type":"binary-expr","locations":[{"start":{"line":16,"column":5},"end":{"line":16,"column":29}},{"start":{"line":16,"column":33},"end":{"line":16,"column":35}}],"line":16},"5":{"loc":{"start":{"line":18,"column":2},"end":{"line":20,"column":3}},"type":"if","locations":[{"start":{"line":18,"column":2},"end":{"line":20,"column":3}},{"start":{"line":18,"column":2},"end":{"line":20,"column":3}}],"line":18},"6":{"loc":{"start":{"line":18,"column":6},"end":{"line":18,"column":38}},"type":"binary-expr","locations":[{"start":{"line":18,"column":6},"end":{"line":18,"column":14}},{"start":{"line":18,"column":18},"end":{"line":18,"column":38}}],"line":18},"7":{"loc":{"start":{"line":28,"column":8},"end":{"line":28,"column":76}},"type":"cond-expr","locations":[{"start":{"line":28,"column":24},"end":{"line":28,"column":54}},{"start":{"line":28,"column":57},"end":{"line":28,"column":76}}],"line":28}},"s":{"0":0,"1":0,"2":0,"3":0,"4":0,"5":0,"6":0,"7":0,"8":0},"f":{"0":0,"1":0},"b":{"0":[0,0],"1":[0,0],"2":[0,0],"3":[0,0],"4":[0,0],"5":[0,0],"6":[0,0],"7":[0,0]}}
,"C:\\Users\\humbe\\Documents\\projetos\\spotify-example-webpack\\src\\components\\Sidebar\\Sidebar.js": {"path":"C:\\Users\\humbe\\Documents\\projetos\\spotify-example-webpack\\src\\components\\Sidebar\\Sidebar.js","statementMap":{"0":{"start":{"line":6,"column":2},"end":{"line":10,"column":3}}},"fnMap":{"0":{"name":"Sidebar","decl":{"start":{"line":5,"column":24},"end":{"line":5,"column":31}},"loc":{"start":{"line":5,"column":34},"end":{"line":11,"column":1}},"line":5}},"branchMap":{},"s":{"0":0},"f":{"0":0},"b":{}}
,"C:\\Users\\humbe\\Documents\\projetos\\spotify-example-webpack\\src\\components\\SongItem\\SongItem.js": {"path":"C:\\Users\\humbe\\Documents\\projetos\\spotify-example-webpack\\src\\components\\SongItem\\SongItem.js","statementMap":{"0":{"start":{"line":9,"column":28},"end":{"line":9,"column":42}},"1":{"start":{"line":10,"column":32},"end":{"line":10,"column":47}},"2":{"start":{"line":11,"column":40},"end":{"line":11,"column":51}},"3":{"start":{"line":21,"column":6},"end":{"line":29,"column":5}},"4":{"start":{"line":21,"column":28},"end":{"line":29,"column":3}},"5":{"start":{"line":30,"column":19},"end":{"line":30,"column":32}},"6":{"start":{"line":32,"column":2},"end":{"line":62,"column":21}},"7":{"start":{"line":33,"column":4},"end":{"line":33,"column":22}},"8":{"start":{"line":33,"column":16},"end":{"line":33,"column":22}},"9":{"start":{"line":34,"column":4},"end":{"line":45,"column":5}},"10":{"start":{"line":35,"column":6},"end":{"line":44,"column":8}},"11":{"start":{"line":36,"column":8},"end":{"line":36,"column":41}},"12":{"start":{"line":37,"column":8},"end":{"line":43,"column":9}},"13":{"start":{"line":38,"column":10},"end":{"line":38,"column":23}},"14":{"start":{"line":39,"column":10},"end":{"line":39,"column":27}},"15":{"start":{"line":40,"column":10},"end":{"line":40,"column":27}},"16":{"start":{"line":41,"column":10},"end":{"line":41,"column":24}},"17":{"start":{"line":42,"column":10},"end":{"line":42,"column":43}},"18":{"start":{"line":46,"column":4},"end":{"line":52,"column":5}},"19":{"start":{"line":47,"column":6},"end":{"line":47,"column":19}},"20":{"start":{"line":48,"column":6},"end":{"line":48,"column":23}},"21":{"start":{"line":49,"column":6},"end":{"line":49,"column":23}},"22":{"start":{"line":50,"column":6},"end":{"line":50,"column":20}},"23":{"start":{"line":51,"column":6},"end":{"line":51,"column":39}},"24":{"start":{"line":54,"column":4},"end":{"line":61,"column":5}},"25":{"start":{"line":55,"column":6},"end":{"line":57,"column":7}},"26":{"start":{"line":56,"column":8},"end":{"line":56,"column":21}},"27":{"start":{"line":58,"column":6},"end":{"line":58,"column":23}},"28":{"start":{"line":59,"column":6},"end":{"line":59,"column":23}},"29":{"start":{"line":60,"column":6},"end":{"line":60,"column":20}},"30":{"start":{"line":64,"column":19},"end":{"line":71,"column":3}},"31":{"start":{"line":65,"column":4},"end":{"line":70,"column":5}},"32":{"start":{"line":66,"column":6},"end":{"line":66,"column":39}},"33":{"start":{"line":67,"column":6},"end":{"line":67,"column":23}},"34":{"start":{"line":69,"column":6},"end":{"line":69,"column":19}},"35":{"start":{"line":73,"column":23},"end":{"line":97,"column":3}},"36":{"start":{"line":74,"column":4},"end":{"line":77,"column":5}},"37":{"start":{"line":75,"column":6},"end":{"line":75,"column":16}},"38":{"start":{"line":76,"column":6},"end":{"line":76,"column":20}},"39":{"start":{"line":78,"column":21},"end":{"line":78,"column":26}},"40":{"start":{"line":80,"column":4},"end":{"line":96,"column":5}},"41":{"start":{"line":81,"column":6},"end":{"line":81,"column":55}},"42":{"start":{"line":82,"column":23},"end":{"line":82,"column":50}},"43":{"start":{"line":83,"column":6},"end":{"line":83,"column":24}},"44":{"start":{"line":84,"column":6},"end":{"line":84,"column":21}},"45":{"start":{"line":85,"column":6},"end":{"line":85,"column":22}},"46":{"start":{"line":87,"column":6},"end":{"line":87,"column":39}},"47":{"start":{"line":88,"column":6},"end":{"line":88,"column":19}},"48":{"start":{"line":89,"column":6},"end":{"line":89,"column":23}},"49":{"start":{"line":90,"column":6},"end":{"line":90,"column":23}},"50":{"start":{"line":91,"column":6},"end":{"line":91,"column":49}},"51":{"start":{"line":92,"column":23},"end":{"line":92,"column":50}},"52":{"start":{"line":93,"column":6},"end":{"line":93,"column":24}},"53":{"start":{"line":94,"column":6},"end":{"line":94,"column":21}},"54":{"start":{"line":95,"column":6},"end":{"line":95,"column":22}},"55":{"start":{"line":99,"column":23},"end":{"line":99,"column":28}},"56":{"start":{"line":101,"column":2},"end":{"line":125,"column":3}}},"fnMap":{"0":{"name":"SongItem","decl":{"start":{"line":8,"column":24},"end":{"line":8,"column":32}},"loc":{"start":{"line":8,"column":40},"end":{"line":126,"column":1}},"line":8},"1":{"name":"(anonymous_1)","decl":{"start":{"line":21,"column":18},"end":{"line":21,"column":19}},"loc":{"start":{"line":21,"column":28},"end":{"line":29,"column":3}},"line":21},"2":{"name":"(anonymous_2)","decl":{"start":{"line":32,"column":12},"end":{"line":32,"column":13}},"loc":{"start":{"line":32,"column":18},"end":{"line":62,"column":3}},"line":32},"3":{"name":"(anonymous_3)","decl":{"start":{"line":35,"column":43},"end":{"line":35,"column":44}},"loc":{"start":{"line":35,"column":52},"end":{"line":44,"column":7}},"line":35},"4":{"name":"(anonymous_4)","decl":{"start":{"line":54,"column":11},"end":{"line":54,"column":12}},"loc":{"start":{"line":54,"column":17},"end":{"line":61,"column":5}},"line":54},"5":{"name":"(anonymous_5)","decl":{"start":{"line":64,"column":19},"end":{"line":64,"column":20}},"loc":{"start":{"line":64,"column":25},"end":{"line":71,"column":3}},"line":64},"6":{"name":"(anonymous_6)","decl":{"start":{"line":73,"column":23},"end":{"line":73,"column":24}},"loc":{"start":{"line":73,"column":29},"end":{"line":97,"column":3}},"line":73}},"branchMap":{"0":{"loc":{"start":{"line":33,"column":4},"end":{"line":33,"column":22}},"type":"if","locations":[{"start":{"line":33,"column":4},"end":{"line":33,"column":22}},{"start":{"line":33,"column":4},"end":{"line":33,"column":22}}],"line":33},"1":{"loc":{"start":{"line":34,"column":4},"end":{"line":45,"column":5}},"type":"if","locations":[{"start":{"line":34,"column":4},"end":{"line":45,"column":5}},{"start":{"line":34,"column":4},"end":{"line":45,"column":5}}],"line":34},"2":{"loc":{"start":{"line":37,"column":8},"end":{"line":43,"column":9}},"type":"if","locations":[{"start":{"line":37,"column":8},"end":{"line":43,"column":9}},{"start":{"line":37,"column":8},"end":{"line":43,"column":9}}],"line":37},"3":{"loc":{"start":{"line":37,"column":13},"end":{"line":37,"column":24}},"type":"binary-expr","locations":[{"start":{"line":37,"column":13},"end":{"line":37,"column":18}},{"start":{"line":37,"column":22},"end":{"line":37,"column":24}}],"line":37},"4":{"loc":{"start":{"line":46,"column":4},"end":{"line":52,"column":5}},"type":"if","locations":[{"start":{"line":46,"column":4},"end":{"line":52,"column":5}},{"start":{"line":46,"column":4},"end":{"line":52,"column":5}}],"line":46},"5":{"loc":{"start":{"line":55,"column":6},"end":{"line":57,"column":7}},"type":"if","locations":[{"start":{"line":55,"column":6},"end":{"line":57,"column":7}},{"start":{"line":55,"column":6},"end":{"line":57,"column":7}}],"line":55},"6":{"loc":{"start":{"line":65,"column":4},"end":{"line":70,"column":5}},"type":"if","locations":[{"start":{"line":65,"column":4},"end":{"line":70,"column":5}},{"start":{"line":65,"column":4},"end":{"line":70,"column":5}}],"line":65},"7":{"loc":{"start":{"line":74,"column":4},"end":{"line":77,"column":5}},"type":"if","locations":[{"start":{"line":74,"column":4},"end":{"line":77,"column":5}},{"start":{"line":74,"column":4},"end":{"line":77,"column":5}}],"line":74},"8":{"loc":{"start":{"line":80,"column":4},"end":{"line":96,"column":5}},"type":"if","locations":[{"start":{"line":80,"column":4},"end":{"line":96,"column":5}},{"start":{"line":80,"column":4},"end":{"line":96,"column":5}}],"line":80},"9":{"loc":{"start":{"line":106,"column":10},"end":{"line":110,"column":16}},"type":"cond-expr","locations":[{"start":{"line":107,"column":14},"end":{"line":109,"column":15}},{"start":{"line":110,"column":14},"end":{"line":110,"column":16}}],"line":106},"10":{"loc":{"start":{"line":108,"column":28},"end":{"line":108,"column":39}},"type":"binary-expr","locations":[{"start":{"line":108,"column":28},"end":{"line":108,"column":33}},{"start":{"line":108,"column":37},"end":{"line":108,"column":39}}],"line":108},"11":{"loc":{"start":{"line":118,"column":9},"end":{"line":122,"column":48}},"type":"cond-expr","locations":[{"start":{"line":119,"column":12},"end":{"line":121,"column":60}},{"start":{"line":122,"column":12},"end":{"line":122,"column":48}}],"line":118},"12":{"loc":{"start":{"line":120,"column":15},"end":{"line":120,"column":26}},"type":"binary-expr","locations":[{"start":{"line":120,"column":15},"end":{"line":120,"column":20}},{"start":{"line":120,"column":24},"end":{"line":120,"column":26}}],"line":120}},"s":{"0":0,"1":0,"2":0,"3":0,"4":0,"5":0,"6":0,"7":0,"8":0,"9":0,"10":0,"11":0,"12":0,"13":0,"14":0,"15":0,"16":0,"17":0,"18":0,"19":0,"20":0,"21":0,"22":0,"23":0,"24":0,"25":0,"26":0,"27":0,"28":0,"29":0,"30":0,"31":0,"32":0,"33":0,"34":0,"35":0,"36":0,"37":0,"38":0,"39":0,"40":0,"41":0,"42":0,"43":0,"44":0,"45":0,"46":0,"47":0,"48":0,"49":0,"50":0,"51":0,"52":0,"53":0,"54":0,"55":0,"56":0},"f":{"0":0,"1":0,"2":0,"3":0,"4":0,"5":0,"6":0},"b":{"0":[0,0],"1":[0,0],"2":[0,0],"3":[0,0],"4":[0,0],"5":[0,0],"6":[0,0],"7":[0,0],"8":[0,0],"9":[0,0],"10":[0,0],"11":[0,0],"12":[0,0]}}
,"C:\\Users\\humbe\\Documents\\projetos\\spotify-example-webpack\\src\\components\\SongItem\\convertFromMsToMin.js": {"path":"C:\\Users\\humbe\\Documents\\projetos\\spotify-example-webpack\\src\\components\\SongItem\\convertFromMsToMin.js","statementMap":{"0":{"start":{"line":2,"column":16},"end":{"line":2,"column":42}},"1":{"start":{"line":3,"column":16},"end":{"line":3,"column":52}},"2":{"start":{"line":4,"column":2},"end":{"line":4,"column":58}}},"fnMap":{"0":{"name":"convertFromMsToMin","decl":{"start":{"line":1,"column":24},"end":{"line":1,"column":42}},"loc":{"start":{"line":1,"column":51},"end":{"line":5,"column":1}},"line":1}},"branchMap":{"0":{"loc":{"start":{"line":4,"column":23},"end":{"line":4,"column":46}},"type":"cond-expr","locations":[{"start":{"line":4,"column":38},"end":{"line":4,"column":41}},{"start":{"line":4,"column":44},"end":{"line":4,"column":46}}],"line":4}},"s":{"0":0,"1":0,"2":0},"f":{"0":0},"b":{"0":[0,0]}}
,"C:\\Users\\humbe\\Documents\\projetos\\spotify-example-webpack\\src\\components\\SongList\\SongList.js": {"path":"C:\\Users\\humbe\\Documents\\projetos\\spotify-example-webpack\\src\\components\\SongList\\SongList.js","statementMap":{"0":{"start":{"line":6,"column":2},"end":{"line":12,"column":3}},"1":{"start":{"line":9,"column":8},"end":{"line":9,"column":62}}},"fnMap":{"0":{"name":"SongList","decl":{"start":{"line":5,"column":24},"end":{"line":5,"column":32}},"loc":{"start":{"line":5,"column":49},"end":{"line":13,"column":1}},"line":5},"1":{"name":"(anonymous_1)","decl":{"start":{"line":8,"column":17},"end":{"line":8,"column":18}},"loc":{"start":{"line":9,"column":8},"end":{"line":9,"column":62}},"line":9}},"branchMap":{"0":{"loc":{"start":{"line":5,"column":35},"end":{"line":5,"column":45}},"type":"default-arg","locations":[{"start":{"line":5,"column":43},"end":{"line":5,"column":45}}],"line":5}},"s":{"0":0,"1":0},"f":{"0":0,"1":0},"b":{"0":[0]}}
,"C:\\Users\\humbe\\Documents\\projetos\\spotify-example-webpack\\src\\components\\TextInput\\TextInput.js": {"path":"C:\\Users\\humbe\\Documents\\projetos\\spotify-example-webpack\\src\\components\\TextInput\\TextInput.js","statementMap":{"0":{"start":{"line":11,"column":19},"end":{"line":11,"column":22}},"1":{"start":{"line":13,"column":35},"end":{"line":17,"column":3}},"2":{"start":{"line":14,"column":20},"end":{"line":14,"column":50}},"3":{"start":{"line":16,"column":4},"end":{"line":16,"column":38}},"4":{"start":{"line":16,"column":17},"end":{"line":16,"column":38}},"5":{"start":{"line":19,"column":2},"end":{"line":19,"column":46}},"6":{"start":{"line":21,"column":2},"end":{"line":30,"column":3}}},"fnMap":{"0":{"name":"TextInput","decl":{"start":{"line":4,"column":24},"end":{"line":4,"column":33}},"loc":{"start":{"line":10,"column":3},"end":{"line":31,"column":1}},"line":10},"1":{"name":"(anonymous_1)","decl":{"start":{"line":13,"column":35},"end":{"line":13,"column":36}},"loc":{"start":{"line":13,"column":41},"end":{"line":17,"column":3}},"line":13},"2":{"name":"(anonymous_2)","decl":{"start":{"line":16,"column":11},"end":{"line":16,"column":12}},"loc":{"start":{"line":16,"column":17},"end":{"line":16,"column":38}},"line":16}},"branchMap":{"0":{"loc":{"start":{"line":6,"column":2},"end":{"line":6,"column":18}},"type":"default-arg","locations":[{"start":{"line":6,"column":16},"end":{"line":6,"column":18}}],"line":6}},"s":{"0":0,"1":0,"2":0,"3":0,"4":0,"5":0,"6":0},"f":{"0":0,"1":0,"2":0},"b":{"0":[0]}}
,"C:\\Users\\humbe\\Documents\\projetos\\spotify-example-webpack\\src\\config\\Request.js": {"path":"C:\\Users\\humbe\\Documents\\projetos\\spotify-example-webpack\\src\\config\\Request.js","statementMap":{"0":{"start":{"line":4,"column":12},"end":{"line":7,"column":2}},"1":{"start":{"line":14,"column":16},"end":{"line":93,"column":1}},"2":{"start":{"line":16,"column":4},"end":{"line":18,"column":5}},"3":{"start":{"line":17,"column":6},"end":{"line":17,"column":46}},"4":{"start":{"line":20,"column":4},"end":{"line":22,"column":6}},"5":{"start":{"line":21,"column":6},"end":{"line":21,"column":17}},"6":{"start":{"line":25,"column":4},"end":{"line":27,"column":5}},"7":{"start":{"line":26,"column":6},"end":{"line":26,"column":74}},"8":{"start":{"line":28,"column":4},"end":{"line":28,"column":62}},"9":{"start":{"line":28,"column":57},"end":{"line":28,"column":61}},"10":{"start":{"line":31,"column":4},"end":{"line":33,"column":5}},"11":{"start":{"line":32,"column":6},"end":{"line":32,"column":74}},"12":{"start":{"line":35,"column":4},"end":{"line":37,"column":6}},"13":{"start":{"line":36,"column":6},"end":{"line":36,"column":17}},"14":{"start":{"line":40,"column":4},"end":{"line":42,"column":5}},"15":{"start":{"line":41,"column":6},"end":{"line":41,"column":74}},"16":{"start":{"line":44,"column":4},"end":{"line":46,"column":6}},"17":{"start":{"line":45,"column":6},"end":{"line":45,"column":17}},"18":{"start":{"line":49,"column":4},"end":{"line":51,"column":5}},"19":{"start":{"line":50,"column":6},"end":{"line":50,"column":46}},"20":{"start":{"line":53,"column":4},"end":{"line":55,"column":6}},"21":{"start":{"line":54,"column":6},"end":{"line":54,"column":17}},"22":{"start":{"line":58,"column":4},"end":{"line":60,"column":5}},"23":{"start":{"line":59,"column":6},"end":{"line":59,"column":74}},"24":{"start":{"line":62,"column":4},"end":{"line":64,"column":6}},"25":{"start":{"line":63,"column":6},"end":{"line":63,"column":17}},"26":{"start":{"line":67,"column":4},"end":{"line":69,"column":5}},"27":{"start":{"line":68,"column":6},"end":{"line":68,"column":46}},"28":{"start":{"line":71,"column":4},"end":{"line":73,"column":6}},"29":{"start":{"line":72,"column":6},"end":{"line":72,"column":17}},"30":{"start":{"line":76,"column":4},"end":{"line":78,"column":5}},"31":{"start":{"line":77,"column":6},"end":{"line":77,"column":46}},"32":{"start":{"line":80,"column":4},"end":{"line":82,"column":6}},"33":{"start":{"line":81,"column":6},"end":{"line":81,"column":17}},"34":{"start":{"line":85,"column":4},"end":{"line":87,"column":5}},"35":{"start":{"line":86,"column":6},"end":{"line":86,"column":46}},"36":{"start":{"line":89,"column":4},"end":{"line":91,"column":6}},"37":{"start":{"line":90,"column":6},"end":{"line":90,"column":17}}},"fnMap":{"0":{"name":"(anonymous_0)","decl":{"start":{"line":15,"column":7},"end":{"line":15,"column":8}},"loc":{"start":{"line":15,"column":37},"end":{"line":23,"column":3}},"line":15},"1":{"name":"(anonymous_1)","decl":{"start":{"line":20,"column":50},"end":{"line":20,"column":51}},"loc":{"start":{"line":20,"column":58},"end":{"line":22,"column":5}},"line":20},"2":{"name":"(anonymous_2)","decl":{"start":{"line":24,"column":8},"end":{"line":24,"column":9}},"loc":{"start":{"line":24,"column":36},"end":{"line":29,"column":3}},"line":24},"3":{"name":"(anonymous_3)","decl":{"start":{"line":28,"column":49},"end":{"line":28,"column":50}},"loc":{"start":{"line":28,"column":57},"end":{"line":28,"column":61}},"line":28},"4":{"name":"(anonymous_4)","decl":{"start":{"line":30,"column":7},"end":{"line":30,"column":8}},"loc":{"start":{"line":30,"column":35},"end":{"line":38,"column":3}},"line":30},"5":{"name":"(anonymous_5)","decl":{"start":{"line":35,"column":48},"end":{"line":35,"column":49}},"loc":{"start":{"line":35,"column":56},"end":{"line":37,"column":5}},"line":35},"6":{"name":"(anonymous_6)","decl":{"start":{"line":39,"column":11},"end":{"line":39,"column":12}},"loc":{"start":{"line":39,"column":39},"end":{"line":47,"column":3}},"line":39},"7":{"name":"(anonymous_7)","decl":{"start":{"line":44,"column":52},"end":{"line":44,"column":53}},"loc":{"start":{"line":44,"column":60},"end":{"line":46,"column":5}},"line":44},"8":{"name":"(anonymous_8)","decl":{"start":{"line":48,"column":10},"end":{"line":48,"column":11}},"loc":{"start":{"line":48,"column":40},"end":{"line":56,"column":3}},"line":48},"9":{"name":"(anonymous_9)","decl":{"start":{"line":53,"column":53},"end":{"line":53,"column":54}},"loc":{"start":{"line":53,"column":61},"end":{"line":55,"column":5}},"line":53},"10":{"name":"(anonymous_10)","decl":{"start":{"line":57,"column":9},"end":{"line":57,"column":10}},"loc":{"start":{"line":57,"column":37},"end":{"line":65,"column":3}},"line":57},"11":{"name":"(anonymous_11)","decl":{"start":{"line":62,"column":50},"end":{"line":62,"column":51}},"loc":{"start":{"line":62,"column":58},"end":{"line":64,"column":5}},"line":62},"12":{"name":"(anonymous_12)","decl":{"start":{"line":66,"column":8},"end":{"line":66,"column":9}},"loc":{"start":{"line":66,"column":38},"end":{"line":74,"column":3}},"line":66},"13":{"name":"(anonymous_13)","decl":{"start":{"line":71,"column":51},"end":{"line":71,"column":52}},"loc":{"start":{"line":71,"column":59},"end":{"line":73,"column":5}},"line":71},"14":{"name":"(anonymous_14)","decl":{"start":{"line":75,"column":8},"end":{"line":75,"column":9}},"loc":{"start":{"line":75,"column":38},"end":{"line":83,"column":3}},"line":75},"15":{"name":"(anonymous_15)","decl":{"start":{"line":80,"column":51},"end":{"line":80,"column":52}},"loc":{"start":{"line":80,"column":59},"end":{"line":82,"column":5}},"line":80},"16":{"name":"(anonymous_16)","decl":{"start":{"line":84,"column":10},"end":{"line":84,"column":11}},"loc":{"start":{"line":84,"column":40},"end":{"line":92,"column":3}},"line":84},"17":{"name":"(anonymous_17)","decl":{"start":{"line":89,"column":53},"end":{"line":89,"column":54}},"loc":{"start":{"line":89,"column":61},"end":{"line":91,"column":5}},"line":89}},"branchMap":{"0":{"loc":{"start":{"line":16,"column":4},"end":{"line":18,"column":5}},"type":"if","locations":[{"start":{"line":16,"column":4},"end":{"line":18,"column":5}},{"start":{"line":16,"column":4},"end":{"line":18,"column":5}}],"line":16},"1":{"loc":{"start":{"line":25,"column":4},"end":{"line":27,"column":5}},"type":"if","locations":[{"start":{"line":25,"column":4},"end":{"line":27,"column":5}},{"start":{"line":25,"column":4},"end":{"line":27,"column":5}}],"line":25},"2":{"loc":{"start":{"line":25,"column":8},"end":{"line":25,"column":21}},"type":"binary-expr","locations":[{"start":{"line":25,"column":8},"end":{"line":25,"column":12}},{"start":{"line":25,"column":16},"end":{"line":25,"column":21}}],"line":25},"3":{"loc":{"start":{"line":31,"column":4},"end":{"line":33,"column":5}},"type":"if","locations":[{"start":{"line":31,"column":4},"end":{"line":33,"column":5}},{"start":{"line":31,"column":4},"end":{"line":33,"column":5}}],"line":31},"4":{"loc":{"start":{"line":31,"column":8},"end":{"line":31,"column":21}},"type":"binary-expr","locations":[{"start":{"line":31,"column":8},"end":{"line":31,"column":12}},{"start":{"line":31,"column":16},"end":{"line":31,"column":21}}],"line":31},"5":{"loc":{"start":{"line":40,"column":4},"end":{"line":42,"column":5}},"type":"if","locations":[{"start":{"line":40,"column":4},"end":{"line":42,"column":5}},{"start":{"line":40,"column":4},"end":{"line":42,"column":5}}],"line":40},"6":{"loc":{"start":{"line":40,"column":8},"end":{"line":40,"column":21}},"type":"binary-expr","locations":[{"start":{"line":40,"column":8},"end":{"line":40,"column":12}},{"start":{"line":40,"column":16},"end":{"line":40,"column":21}}],"line":40},"7":{"loc":{"start":{"line":49,"column":4},"end":{"line":51,"column":5}},"type":"if","locations":[{"start":{"line":49,"column":4},"end":{"line":51,"column":5}},{"start":{"line":49,"column":4},"end":{"line":51,"column":5}}],"line":49},"8":{"loc":{"start":{"line":58,"column":4},"end":{"line":60,"column":5}},"type":"if","locations":[{"start":{"line":58,"column":4},"end":{"line":60,"column":5}},{"start":{"line":58,"column":4},"end":{"line":60,"column":5}}],"line":58},"9":{"loc":{"start":{"line":58,"column":8},"end":{"line":58,"column":21}},"type":"binary-expr","locations":[{"start":{"line":58,"column":8},"end":{"line":58,"column":12}},{"start":{"line":58,"column":16},"end":{"line":58,"column":21}}],"line":58},"10":{"loc":{"start":{"line":67,"column":4},"end":{"line":69,"column":5}},"type":"if","locations":[{"start":{"line":67,"column":4},"end":{"line":69,"column":5}},{"start":{"line":67,"column":4},"end":{"line":69,"column":5}}],"line":67},"11":{"loc":{"start":{"line":76,"column":4},"end":{"line":78,"column":5}},"type":"if","locations":[{"start":{"line":76,"column":4},"end":{"line":78,"column":5}},{"start":{"line":76,"column":4},"end":{"line":78,"column":5}}],"line":76},"12":{"loc":{"start":{"line":85,"column":4},"end":{"line":87,"column":5}},"type":"if","locations":[{"start":{"line":85,"column":4},"end":{"line":87,"column":5}},{"start":{"line":85,"column":4},"end":{"line":87,"column":5}}],"line":85}},"s":{"0":0,"1":0,"2":0,"3":0,"4":0,"5":0,"6":0,"7":0,"8":0,"9":0,"10":0,"11":0,"12":0,"13":0,"14":0,"15":0,"16":0,"17":0,"18":0,"19":0,"20":0,"21":0,"22":0,"23":0,"24":0,"25":0,"26":0,"27":0,"28":0,"29":0,"30":0,"31":0,"32":0,"33":0,"34":0,"35":0,"36":0,"37":0},"f":{"0":0,"1":0,"2":0,"3":0,"4":0,"5":0,"6":0,"7":0,"8":0,"9":0,"10":0,"11":0,"12":0,"13":0,"14":0,"15":0,"16":0,"17":0},"b":{"0":[0,0],"1":[0,0],"2":[0,0],"3":[0,0],"4":[0,0],"5":[0,0],"6":[0,0],"7":[0,0],"8":[0,0],"9":[0,0],"10":[0,0],"11":[0,0],"12":[0,0]}}
,"C:\\Users\\humbe\\Documents\\projetos\\spotify-example-webpack\\src\\config\\constants.js": {"path":"C:\\Users\\humbe\\Documents\\projetos\\spotify-example-webpack\\src\\config\\constants.js","statementMap":{},"fnMap":{},"branchMap":{},"s":{},"f":{},"b":{}}
,"C:\\Users\\humbe\\Documents\\projetos\\spotify-example-webpack\\src\\hooks\\useAuthenticate.js": {"path":"C:\\Users\\humbe\\Documents\\projetos\\spotify-example-webpack\\src\\hooks\\useAuthenticate.js","statementMap":{"0":{"start":{"line":11,"column":19},"end":{"line":11,"column":32}},"1":{"start":{"line":12,"column":18},"end":{"line":12,"column":30}},"2":{"start":{"line":14,"column":19},"end":{"line":14,"column":60}},"3":{"start":{"line":14,"column":40},"end":{"line":14,"column":59}},"4":{"start":{"line":15,"column":2},"end":{"line":15,"column":27}},"5":{"start":{"line":15,"column":16},"end":{"line":15,"column":27}},"6":{"start":{"line":17,"column":2},"end":{"line":42,"column":3}},"7":{"start":{"line":18,"column":21},"end":{"line":18,"column":23}},"8":{"start":{"line":20,"column":10},"end":{"line":20,"column":32}},"9":{"start":{"line":21,"column":10},"end":{"line":21,"column":43}},"10":{"start":{"line":22,"column":4},"end":{"line":24,"column":5}},"11":{"start":{"line":23,"column":6},"end":{"line":23,"column":49}},"12":{"start":{"line":26,"column":4},"end":{"line":38,"column":5}},"13":{"start":{"line":27,"column":22},"end":{"line":27,"column":481}},"14":{"start":{"line":28,"column":6},"end":{"line":28,"column":36}},"15":{"start":{"line":30,"column":6},"end":{"line":30,"column":69}},"16":{"start":{"line":32,"column":23},"end":{"line":32,"column":72}},"17":{"start":{"line":33,"column":6},"end":{"line":33,"column":58}},"18":{"start":{"line":35,"column":6},"end":{"line":35,"column":35}},"19":{"start":{"line":37,"column":6},"end":{"line":37,"column":17}},"20":{"start":{"line":40,"column":4},"end":{"line":40,"column":44}},"21":{"start":{"line":41,"column":4},"end":{"line":41,"column":16}},"22":{"start":{"line":43,"column":2},"end":{"line":43,"column":42}},"23":{"start":{"line":44,"column":2},"end":{"line":44,"column":14}}},"fnMap":{"0":{"name":"useAuthenticate","decl":{"start":{"line":6,"column":24},"end":{"line":6,"column":39}},"loc":{"start":{"line":6,"column":42},"end":{"line":45,"column":1}},"line":6},"1":{"name":"(anonymous_1)","decl":{"start":{"line":14,"column":31},"end":{"line":14,"column":32}},"loc":{"start":{"line":14,"column":40},"end":{"line":14,"column":59}},"line":14}},"branchMap":{"0":{"loc":{"start":{"line":15,"column":2},"end":{"line":15,"column":27}},"type":"if","locations":[{"start":{"line":15,"column":2},"end":{"line":15,"column":27}},{"start":{"line":15,"column":2},"end":{"line":15,"column":27}}],"line":15},"1":{"loc":{"start":{"line":26,"column":4},"end":{"line":38,"column":5}},"type":"if","locations":[{"start":{"line":26,"column":4},"end":{"line":38,"column":5}},{"start":{"line":26,"column":4},"end":{"line":38,"column":5}}],"line":26},"2":{"loc":{"start":{"line":35,"column":19},"end":{"line":35,"column":34}},"type":"binary-expr","locations":[{"start":{"line":35,"column":19},"end":{"line":35,"column":27}},{"start":{"line":35,"column":31},"end":{"line":35,"column":34}}],"line":35}},"s":{"0":0,"1":0,"2":0,"3":0,"4":0,"5":0,"6":0,"7":0,"8":0,"9":0,"10":0,"11":0,"12":0,"13":0,"14":0,"15":0,"16":0,"17":0,"18":0,"19":0,"20":0,"21":0,"22":0,"23":0},"f":{"0":0,"1":0},"b":{"0":[0,0],"1":[0,0],"2":[0,0]}}
,"C:\\Users\\humbe\\Documents\\projetos\\spotify-example-webpack\\src\\hooks\\useTitle.js": {"path":"C:\\Users\\humbe\\Documents\\projetos\\spotify-example-webpack\\src\\hooks\\useTitle.js","statementMap":{"0":{"start":{"line":4,"column":28},"end":{"line":7,"column":5}},"1":{"start":{"line":4,"column":50},"end":{"line":7,"column":3}},"2":{"start":{"line":9,"column":19},"end":{"line":22,"column":3}},"3":{"start":{"line":10,"column":4},"end":{"line":14,"column":5}},"4":{"start":{"line":11,"column":6},"end":{"line":13,"column":7}},"5":{"start":{"line":12,"column":8},"end":{"line":12,"column":56}},"6":{"start":{"line":15,"column":4},"end":{"line":17,"column":5}},"7":{"start":{"line":16,"column":6},"end":{"line":16,"column":43}},"8":{"start":{"line":18,"column":4},"end":{"line":20,"column":5}},"9":{"start":{"line":19,"column":6},"end":{"line":19,"column":15}},"10":{"start":{"line":21,"column":4},"end":{"line":21,"column":41}},"11":{"start":{"line":23,"column":2},"end":{"line":23,"column":19}}},"fnMap":{"0":{"name":"useTitle","decl":{"start":{"line":3,"column":24},"end":{"line":3,"column":32}},"loc":{"start":{"line":3,"column":35},"end":{"line":24,"column":1}},"line":3},"1":{"name":"(anonymous_1)","decl":{"start":{"line":4,"column":40},"end":{"line":4,"column":41}},"loc":{"start":{"line":4,"column":50},"end":{"line":7,"column":3}},"line":4},"2":{"name":"(anonymous_2)","decl":{"start":{"line":9,"column":19},"end":{"line":9,"column":20}},"loc":{"start":{"line":9,"column":25},"end":{"line":22,"column":3}},"line":9}},"branchMap":{"0":{"loc":{"start":{"line":10,"column":4},"end":{"line":14,"column":5}},"type":"if","locations":[{"start":{"line":10,"column":4},"end":{"line":14,"column":5}},{"start":{"line":10,"column":4},"end":{"line":14,"column":5}}],"line":10},"1":{"loc":{"start":{"line":11,"column":6},"end":{"line":13,"column":7}},"type":"if","locations":[{"start":{"line":11,"column":6},"end":{"line":13,"column":7}},{"start":{"line":11,"column":6},"end":{"line":13,"column":7}}],"line":11},"2":{"loc":{"start":{"line":15,"column":4},"end":{"line":17,"column":5}},"type":"if","locations":[{"start":{"line":15,"column":4},"end":{"line":17,"column":5}},{"start":{"line":15,"column":4},"end":{"line":17,"column":5}}],"line":15},"3":{"loc":{"start":{"line":18,"column":4},"end":{"line":20,"column":5}},"type":"if","locations":[{"start":{"line":18,"column":4},"end":{"line":20,"column":5}},{"start":{"line":18,"column":4},"end":{"line":20,"column":5}}],"line":18}},"s":{"0":0,"1":0,"2":0,"3":0,"4":0,"5":0,"6":0,"7":0,"8":0,"9":0,"10":0,"11":0},"f":{"0":0,"1":0,"2":0},"b":{"0":[0,0],"1":[0,0],"2":[0,0],"3":[0,0]}}
,"C:\\Users\\humbe\\Documents\\projetos\\spotify-example-webpack\\src\\pages\\album\\Album.js": {"path":"C:\\Users\\humbe\\Documents\\projetos\\spotify-example-webpack\\src\\pages\\album\\Album.js","statementMap":{"0":{"start":{"line":14,"column":21},"end":{"line":14,"column":32}},"1":{"start":{"line":15,"column":19},"end":{"line":15,"column":32}},"2":{"start":{"line":17,"column":2},"end":{"line":20,"column":8}},"3":{"start":{"line":18,"column":4},"end":{"line":18,"column":41}},"4":{"start":{"line":19,"column":4},"end":{"line":19,"column":56}},"5":{"start":{"line":22,"column":28},"end":{"line":25,"column":5}},"6":{"start":{"line":22,"column":50},"end":{"line":25,"column":3}},"7":{"start":{"line":27,"column":16},"end":{"line":27,"column":26}},"8":{"start":{"line":29,"column":2},"end":{"line":37,"column":3}}},"fnMap":{"0":{"name":"Album","decl":{"start":{"line":13,"column":24},"end":{"line":13,"column":29}},"loc":{"start":{"line":13,"column":32},"end":{"line":38,"column":1}},"line":13},"1":{"name":"(anonymous_1)","decl":{"start":{"line":17,"column":12},"end":{"line":17,"column":13}},"loc":{"start":{"line":17,"column":18},"end":{"line":20,"column":3}},"line":17},"2":{"name":"(anonymous_2)","decl":{"start":{"line":22,"column":40},"end":{"line":22,"column":41}},"loc":{"start":{"line":22,"column":50},"end":{"line":25,"column":3}},"line":22}},"branchMap":{"0":{"loc":{"start":{"line":34,"column":9},"end":{"line":34,"column":56}},"type":"binary-expr","locations":[{"start":{"line":34,"column":9},"end":{"line":34,"column":14}},{"start":{"line":34,"column":18},"end":{"line":34,"column":56}}],"line":34}},"s":{"0":0,"1":0,"2":0,"3":0,"4":0,"5":0,"6":0,"7":0,"8":0},"f":{"0":0,"1":0,"2":0},"b":{"0":[0,0]}}
,"C:\\Users\\humbe\\Documents\\projetos\\spotify-example-webpack\\src\\pages\\albumDetail\\AlbumDetail.js": {"path":"C:\\Users\\humbe\\Documents\\projetos\\spotify-example-webpack\\src\\pages\\albumDetail\\AlbumDetail.js","statementMap":{"0":{"start":{"line":16,"column":17},"end":{"line":16,"column":28}},"1":{"start":{"line":17,"column":19},"end":{"line":17,"column":32}},"2":{"start":{"line":18,"column":18},"end":{"line":18,"column":30}},"3":{"start":{"line":20,"column":27},"end":{"line":27,"column":4}},"4":{"start":{"line":21,"column":18},"end":{"line":21,"column":77}},"5":{"start":{"line":21,"column":51},"end":{"line":21,"column":76}},"6":{"start":{"line":23,"column":4},"end":{"line":26,"column":5}},"7":{"start":{"line":29,"column":2},"end":{"line":31,"column":30}},"8":{"start":{"line":30,"column":4},"end":{"line":30,"column":49}},"9":{"start":{"line":33,"column":2},"end":{"line":33,"column":35}},"10":{"start":{"line":33,"column":24},"end":{"line":33,"column":35}},"11":{"start":{"line":35,"column":17},"end":{"line":35,"column":39}},"12":{"start":{"line":35,"column":23},"end":{"line":35,"column":39}},"13":{"start":{"line":36,"column":2},"end":{"line":48,"column":3}}},"fnMap":{"0":{"name":"AlbumDetail","decl":{"start":{"line":15,"column":24},"end":{"line":15,"column":35}},"loc":{"start":{"line":15,"column":38},"end":{"line":49,"column":1}},"line":15},"1":{"name":"(anonymous_1)","decl":{"start":{"line":20,"column":39},"end":{"line":20,"column":40}},"loc":{"start":{"line":20,"column":48},"end":{"line":27,"column":3}},"line":20},"2":{"name":"(anonymous_2)","decl":{"start":{"line":21,"column":42},"end":{"line":21,"column":43}},"loc":{"start":{"line":21,"column":51},"end":{"line":21,"column":76}},"line":21},"3":{"name":"(anonymous_3)","decl":{"start":{"line":29,"column":12},"end":{"line":29,"column":13}},"loc":{"start":{"line":29,"column":18},"end":{"line":31,"column":3}},"line":29},"4":{"name":"(anonymous_4)","decl":{"start":{"line":35,"column":17},"end":{"line":35,"column":18}},"loc":{"start":{"line":35,"column":23},"end":{"line":35,"column":39}},"line":35}},"branchMap":{"0":{"loc":{"start":{"line":33,"column":2},"end":{"line":33,"column":35}},"type":"if","locations":[{"start":{"line":33,"column":2},"end":{"line":33,"column":35}},{"start":{"line":33,"column":2},"end":{"line":33,"column":35}}],"line":33},"1":{"loc":{"start":{"line":33,"column":6},"end":{"line":33,"column":22}},"type":"binary-expr","locations":[{"start":{"line":33,"column":6},"end":{"line":33,"column":12}},{"start":{"line":33,"column":16},"end":{"line":33,"column":22}}],"line":33}},"s":{"0":0,"1":0,"2":0,"3":0,"4":0,"5":0,"6":0,"7":0,"8":0,"9":0,"10":0,"11":0,"12":0,"13":0},"f":{"0":0,"1":0,"2":0,"3":0,"4":0},"b":{"0":[0,0],"1":[0,0]}}
,"C:\\Users\\humbe\\Documents\\projetos\\spotify-example-webpack\\src\\pages\\home\\Home.js": {"path":"C:\\Users\\humbe\\Documents\\projetos\\spotify-example-webpack\\src\\pages\\home\\Home.js","statementMap":{"0":{"start":{"line":11,"column":29},"end":{"line":14,"column":5}},"1":{"start":{"line":11,"column":51},"end":{"line":14,"column":3}},"2":{"start":{"line":16,"column":16},"end":{"line":16,"column":26}},"3":{"start":{"line":17,"column":2},"end":{"line":36,"column":3}},"4":{"start":{"line":26,"column":12},"end":{"line":31,"column":14}}},"fnMap":{"0":{"name":"Home","decl":{"start":{"line":10,"column":24},"end":{"line":10,"column":28}},"loc":{"start":{"line":10,"column":31},"end":{"line":37,"column":1}},"line":10},"1":{"name":"(anonymous_1)","decl":{"start":{"line":11,"column":41},"end":{"line":11,"column":42}},"loc":{"start":{"line":11,"column":51},"end":{"line":14,"column":3}},"line":11},"2":{"name":"(anonymous_2)","decl":{"start":{"line":25,"column":22},"end":{"line":25,"column":23}},"loc":{"start":{"line":26,"column":12},"end":{"line":31,"column":14}},"line":26}},"branchMap":{"0":{"loc":{"start":{"line":22,"column":9},"end":{"line":33,"column":9}},"type":"cond-expr","locations":[{"start":{"line":23,"column":10},"end":{"line":23,"column":67}},{"start":{"line":25,"column":10},"end":{"line":32,"column":12}}],"line":22},"1":{"loc":{"start":{"line":23,"column":39},"end":{"line":23,"column":55}},"type":"binary-expr","locations":[{"start":{"line":23,"column":39},"end":{"line":23,"column":49}},{"start":{"line":23,"column":53},"end":{"line":23,"column":55}}],"line":23}},"s":{"0":0,"1":0,"2":0,"3":0,"4":0},"f":{"0":0,"1":0,"2":0},"b":{"0":[0,0],"1":[0,0]}}
,"C:\\Users\\humbe\\Documents\\projetos\\spotify-example-webpack\\src\\pages\\noMatch\\NoMatch.js": {"path":"C:\\Users\\humbe\\Documents\\projetos\\spotify-example-webpack\\src\\pages\\noMatch\\NoMatch.js","statementMap":{"0":{"start":{"line":5,"column":17},"end":{"line":5,"column":30}},"1":{"start":{"line":7,"column":2},"end":{"line":13,"column":3}}},"fnMap":{"0":{"name":"NoMatch","decl":{"start":{"line":4,"column":24},"end":{"line":4,"column":31}},"loc":{"start":{"line":4,"column":34},"end":{"line":14,"column":1}},"line":4}},"branchMap":{},"s":{"0":1,"1":1},"f":{"0":1},"b":{},"_coverageSchema":"1a1c01bbd47fc00a2c39e90264f33305004495a9","hash":"a6fd7db7316109a23cbbcbbd7e3402b6daf53deb"}
,"C:\\Users\\humbe\\Documents\\projetos\\spotify-example-webpack\\src\\services\\BrowserServices.js": {"path":"C:\\Users\\humbe\\Documents\\projetos\\spotify-example-webpack\\src\\services\\BrowserServices.js","statementMap":{"0":{"start":{"line":3,"column":15},"end":{"line":3,"column":38}},"1":{"start":{"line":4,"column":20},"end":{"line":4,"column":27}},"2":{"start":{"line":5,"column":22},"end":{"line":5,"column":24}},"3":{"start":{"line":8,"column":26},"end":{"line":11,"column":3}},"4":{"start":{"line":9,"column":19},"end":{"line":9,"column":72}},"5":{"start":{"line":10,"column":4},"end":{"line":10,"column":77}},"6":{"start":{"line":10,"column":68},"end":{"line":10,"column":76}},"7":{"start":{"line":13,"column":32},"end":{"line":15,"column":3}},"8":{"start":{"line":14,"column":4},"end":{"line":14,"column":79}},"9":{"start":{"line":14,"column":70},"end":{"line":14,"column":78}}},"fnMap":{"0":{"name":"(anonymous_0)","decl":{"start":{"line":8,"column":26},"end":{"line":8,"column":27}},"loc":{"start":{"line":8,"column":35},"end":{"line":11,"column":3}},"line":8},"1":{"name":"(anonymous_1)","decl":{"start":{"line":10,"column":56},"end":{"line":10,"column":57}},"loc":{"start":{"line":10,"column":68},"end":{"line":10,"column":76}},"line":10},"2":{"name":"(anonymous_2)","decl":{"start":{"line":13,"column":32},"end":{"line":13,"column":33}},"loc":{"start":{"line":13,"column":38},"end":{"line":15,"column":3}},"line":13},"3":{"name":"(anonymous_3)","decl":{"start":{"line":14,"column":58},"end":{"line":14,"column":59}},"loc":{"start":{"line":14,"column":70},"end":{"line":14,"column":78}},"line":14}},"branchMap":{},"s":{"0":0,"1":0,"2":0,"3":0,"4":0,"5":0,"6":0,"7":0,"8":0,"9":0},"f":{"0":0,"1":0,"2":0,"3":0},"b":{}}
,"C:\\Users\\humbe\\Documents\\projetos\\spotify-example-webpack\\src\\services\\OAuthServices.js": {"path":"C:\\Users\\humbe\\Documents\\projetos\\spotify-example-webpack\\src\\services\\OAuthServices.js","statementMap":{"0":{"start":{"line":3,"column":15},"end":{"line":3,"column":38}},"1":{"start":{"line":6,"column":31},"end":{"line":25,"column":3}},"2":{"start":{"line":7,"column":16},"end":{"line":11,"column":5}},"3":{"start":{"line":13,"column":24},"end":{"line":21,"column":5}},"4":{"start":{"line":22,"column":4},"end":{"line":24,"column":33}},"5":{"start":{"line":24,"column":24},"end":{"line":24,"column":32}},"6":{"start":{"line":27,"column":24},"end":{"line":40,"column":3}},"7":{"start":{"line":28,"column":19},"end":{"line":31,"column":5}},"8":{"start":{"line":32,"column":24},"end":{"line":36,"column":5}},"9":{"start":{"line":37,"column":4},"end":{"line":39,"column":33}},"10":{"start":{"line":39,"column":24},"end":{"line":39,"column":32}}},"fnMap":{"0":{"name":"(anonymous_0)","decl":{"start":{"line":6,"column":31},"end":{"line":6,"column":32}},"loc":{"start":{"line":6,"column":40},"end":{"line":25,"column":3}},"line":6},"1":{"name":"(anonymous_1)","decl":{"start":{"line":24,"column":12},"end":{"line":24,"column":13}},"loc":{"start":{"line":24,"column":24},"end":{"line":24,"column":32}},"line":24},"2":{"name":"(anonymous_2)","decl":{"start":{"line":27,"column":24},"end":{"line":27,"column":25}},"loc":{"start":{"line":27,"column":30},"end":{"line":40,"column":3}},"line":27},"3":{"name":"(anonymous_3)","decl":{"start":{"line":39,"column":12},"end":{"line":39,"column":13}},"loc":{"start":{"line":39,"column":24},"end":{"line":39,"column":32}},"line":39}},"branchMap":{},"s":{"0":0,"1":0,"2":0,"3":0,"4":0,"5":0,"6":0,"7":0,"8":0,"9":0,"10":0},"f":{"0":0,"1":0,"2":0,"3":0},"b":{}}
,"C:\\Users\\humbe\\Documents\\projetos\\spotify-example-webpack\\src\\store\\enhancer\\enhancer.js": {"path":"C:\\Users\\humbe\\Documents\\projetos\\spotify-example-webpack\\src\\store\\enhancer\\enhancer.js","statementMap":{"0":{"start":{"line":5,"column":17},"end":{"line":7,"column":35}}},"fnMap":{},"branchMap":{"0":{"loc":{"start":{"line":5,"column":17},"end":{"line":7,"column":35}},"type":"cond-expr","locations":[{"start":{"line":6,"column":4},"end":{"line":6,"column":65}},{"start":{"line":7,"column":4},"end":{"line":7,"column":35}}],"line":5}},"s":{"0":0},"f":{},"b":{"0":[0,0]}}
,"C:\\Users\\humbe\\Documents\\projetos\\spotify-example-webpack\\src\\store\\middlewares\\authMiddleware.js": {"path":"C:\\Users\\humbe\\Documents\\projetos\\spotify-example-webpack\\src\\store\\middlewares\\authMiddleware.js","statementMap":{"0":{"start":{"line":2,"column":2},"end":{"line":61,"column":3}},"1":{"start":{"line":2,"column":37},"end":{"line":61,"column":3}},"2":{"start":{"line":2,"column":45},"end":{"line":61,"column":3}},"3":{"start":{"line":3,"column":4},"end":{"line":5,"column":5}},"4":{"start":{"line":4,"column":6},"end":{"line":4,"column":39}},"5":{"start":{"line":6,"column":4},"end":{"line":6,"column":16}}},"fnMap":{"0":{"name":"clientMiddleware","decl":{"start":{"line":1,"column":24},"end":{"line":1,"column":40}},"loc":{"start":{"line":1,"column":49},"end":{"line":62,"column":1}},"line":1},"1":{"name":"(anonymous_1)","decl":{"start":{"line":2,"column":9},"end":{"line":2,"column":10}},"loc":{"start":{"line":2,"column":37},"end":{"line":61,"column":3}},"line":2},"2":{"name":"(anonymous_2)","decl":{"start":{"line":2,"column":37},"end":{"line":2,"column":38}},"loc":{"start":{"line":2,"column":45},"end":{"line":61,"column":3}},"line":2},"3":{"name":"(anonymous_3)","decl":{"start":{"line":2,"column":45},"end":{"line":2,"column":46}},"loc":{"start":{"line":2,"column":55},"end":{"line":61,"column":3}},"line":2}},"branchMap":{"0":{"loc":{"start":{"line":3,"column":4},"end":{"line":5,"column":5}},"type":"if","locations":[{"start":{"line":3,"column":4},"end":{"line":5,"column":5}},{"start":{"line":3,"column":4},"end":{"line":5,"column":5}}],"line":3}},"s":{"0":0,"1":0,"2":0,"3":0,"4":0,"5":0},"f":{"0":0,"1":0,"2":0,"3":0},"b":{"0":[0,0]}}
,"C:\\Users\\humbe\\Documents\\projetos\\spotify-example-webpack\\src\\store\\middlewares\\middlewares.js": {"path":"C:\\Users\\humbe\\Documents\\projetos\\spotify-example-webpack\\src\\store\\middlewares\\middlewares.js","statementMap":{"0":{"start":{"line":5,"column":20},"end":{"line":5,"column":36}}},"fnMap":{},"branchMap":{},"s":{"0":0},"f":{},"b":{}}
,"C:\\Users\\humbe\\Documents\\projetos\\spotify-example-webpack\\src\\store\\middlewares\\sagaMiddleware.js": {"path":"C:\\Users\\humbe\\Documents\\projetos\\spotify-example-webpack\\src\\store\\middlewares\\sagaMiddleware.js","statementMap":{"0":{"start":{"line":3,"column":23},"end":{"line":3,"column":45}}},"fnMap":{},"branchMap":{},"s":{"0":0},"f":{},"b":{}}
,"C:\\Users\\humbe\\Documents\\projetos\\spotify-example-webpack\\src\\store\\reducers\\album\\actionCreators.js": {"path":"C:\\Users\\humbe\\Documents\\projetos\\spotify-example-webpack\\src\\store\\reducers\\album\\actionCreators.js","statementMap":{"0":{"start":{"line":4,"column":4},"end":{"line":7,"column":5}},"1":{"start":{"line":11,"column":4},"end":{"line":14,"column":5}},"2":{"start":{"line":18,"column":4},"end":{"line":21,"column":5}},"3":{"start":{"line":24,"column":4},"end":{"line":26,"column":5}},"4":{"start":{"line":29,"column":4},"end":{"line":32,"column":5}}},"fnMap":{"0":{"name":"(anonymous_0)","decl":{"start":{"line":3,"column":10},"end":{"line":3,"column":11}},"loc":{"start":{"line":3,"column":26},"end":{"line":8,"column":3}},"line":3},"1":{"name":"(anonymous_1)","decl":{"start":{"line":10,"column":13},"end":{"line":10,"column":14}},"loc":{"start":{"line":10,"column":30},"end":{"line":15,"column":3}},"line":10},"2":{"name":"(anonymous_2)","decl":{"start":{"line":17,"column":18},"end":{"line":17,"column":19}},"loc":{"start":{"line":17,"column":34},"end":{"line":22,"column":3}},"line":17},"3":{"name":"(anonymous_3)","decl":{"start":{"line":23,"column":14},"end":{"line":23,"column":15}},"loc":{"start":{"line":23,"column":25},"end":{"line":27,"column":3}},"line":23},"4":{"name":"(anonymous_4)","decl":{"start":{"line":28,"column":22},"end":{"line":28,"column":23}},"loc":{"start":{"line":28,"column":46},"end":{"line":33,"column":3}},"line":28}},"branchMap":{},"s":{"0":5,"1":3,"2":3,"3":1,"4":2},"f":{"0":5,"1":3,"2":3,"3":1,"4":2},"b":{},"_coverageSchema":"1a1c01bbd47fc00a2c39e90264f33305004495a9","hash":"fab62559c9c3656af66b8c5520d81ec33e0e0dbb"}
,"C:\\Users\\humbe\\Documents\\projetos\\spotify-example-webpack\\src\\store\\reducers\\album\\actionTypes.js": {"path":"C:\\Users\\humbe\\Documents\\projetos\\spotify-example-webpack\\src\\store\\reducers\\album\\actionTypes.js","statementMap":{},"fnMap":{},"branchMap":{},"s":{},"f":{},"b":{},"_coverageSchema":"1a1c01bbd47fc00a2c39e90264f33305004495a9","hash":"0a6becb649aed768c4c48292564283dee92e45c1"}
,"C:\\Users\\humbe\\Documents\\projetos\\spotify-example-webpack\\src\\store\\reducers\\album\\module.js": {"path":"C:\\Users\\humbe\\Documents\\projetos\\spotify-example-webpack\\src\\store\\reducers\\album\\module.js","statementMap":{},"fnMap":{},"branchMap":{},"s":{},"f":{},"b":{},"_coverageSchema":"1a1c01bbd47fc00a2c39e90264f33305004495a9","hash":"817427ec8d609f8045c4266d8198ecb93f2e83a1"}
,"C:\\Users\\humbe\\Documents\\projetos\\spotify-example-webpack\\src\\store\\reducers\\album\\reducer.js": {"path":"C:\\Users\\humbe\\Documents\\projetos\\spotify-example-webpack\\src\\store\\reducers\\album\\reducer.js","statementMap":{"0":{"start":{"line":3,"column":29},"end":{"line":8,"column":1}},"1":{"start":{"line":11,"column":2},"end":{"line":53,"column":3}},"2":{"start":{"line":13,"column":6},"end":{"line":16,"column":7}},"3":{"start":{"line":18,"column":6},"end":{"line":25,"column":7}},"4":{"start":{"line":27,"column":27},"end":{"line":27,"column":45}},"5":{"start":{"line":28,"column":6},"end":{"line":28,"column":50}},"6":{"start":{"line":30,"column":6},"end":{"line":37,"column":7}},"7":{"start":{"line":40,"column":6},"end":{"line":43,"column":7}},"8":{"start":{"line":45,"column":6},"end":{"line":49,"column":7}},"9":{"start":{"line":52,"column":6},"end":{"line":52,"column":25}}},"fnMap":{"0":{"name":"reducer","decl":{"start":{"line":10,"column":24},"end":{"line":10,"column":31}},"loc":{"start":{"line":10,"column":63},"end":{"line":54,"column":1}},"line":10}},"branchMap":{"0":{"loc":{"start":{"line":10,"column":32},"end":{"line":10,"column":53}},"type":"default-arg","locations":[{"start":{"line":10,"column":40},"end":{"line":10,"column":53}}],"line":10},"1":{"loc":{"start":{"line":11,"column":2},"end":{"line":53,"column":3}},"type":"switch","locations":[{"start":{"line":12,"column":4},"end":{"line":16,"column":7}},{"start":{"line":17,"column":4},"end":{"line":25,"column":7}},{"start":{"line":26,"column":4},"end":{"line":37,"column":7}},{"start":{"line":39,"column":4},"end":{"line":43,"column":7}},{"start":{"line":44,"column":4},"end":{"line":49,"column":7}},{"start":{"line":51,"column":4},"end":{"line":52,"column":25}}],"line":11}},"s":{"0":1,"1":12,"2":4,"3":2,"4":1,"5":1,"6":1,"7":2,"8":0,"9":3},"f":{"0":12},"b":{"0":[0],"1":[4,2,1,2,0,3]},"_coverageSchema":"1a1c01bbd47fc00a2c39e90264f33305004495a9","hash":"da8ca983ffaf3cf0f02e413afb37109414d7b9e0"}
,"C:\\Users\\humbe\\Documents\\projetos\\spotify-example-webpack\\src\\store\\reducers\\album\\sagas.js": {"path":"C:\\Users\\humbe\\Documents\\projetos\\spotify-example-webpack\\src\\store\\reducers\\album\\sagas.js","statementMap":{"0":{"start":{"line":8,"column":20},"end":{"line":8,"column":34}},"1":{"start":{"line":9,"column":2},"end":{"line":9,"column":20}},"2":{"start":{"line":9,"column":14},"end":{"line":9,"column":20}},"3":{"start":{"line":11,"column":18},"end":{"line":11,"column":60}},"4":{"start":{"line":11,"column":40},"end":{"line":11,"column":59}},"5":{"start":{"line":12,"column":21},"end":{"line":12,"column":72}},"6":{"start":{"line":12,"column":49},"end":{"line":12,"column":71}},"7":{"start":{"line":13,"column":29},"end":{"line":13,"column":45}},"8":{"start":{"line":15,"column":2},"end":{"line":20,"column":3}},"9":{"start":{"line":16,"column":4},"end":{"line":18,"column":5}},"10":{"start":{"line":19,"column":4},"end":{"line":19,"column":10}},"11":{"start":{"line":22,"column":2},"end":{"line":32,"column":3}},"12":{"start":{"line":23,"column":21},"end":{"line":23,"column":64}},"13":{"start":{"line":24,"column":4},"end":{"line":29,"column":5}},"14":{"start":{"line":25,"column":21},"end":{"line":25,"column":47}},"15":{"start":{"line":26,"column":6},"end":{"line":26,"column":49}},"16":{"start":{"line":28,"column":6},"end":{"line":28,"column":62}},"17":{"start":{"line":31,"column":4},"end":{"line":31,"column":51}}},"fnMap":{"0":{"name":"searchAlbums","decl":{"start":{"line":7,"column":10},"end":{"line":7,"column":22}},"loc":{"start":{"line":7,"column":31},"end":{"line":33,"column":1}},"line":7},"1":{"name":"(anonymous_1)","decl":{"start":{"line":11,"column":31},"end":{"line":11,"column":32}},"loc":{"start":{"line":11,"column":40},"end":{"line":11,"column":59}},"line":11},"2":{"name":"(anonymous_2)","decl":{"start":{"line":12,"column":39},"end":{"line":12,"column":40}},"loc":{"start":{"line":12,"column":49},"end":{"line":12,"column":71}},"line":12}},"branchMap":{"0":{"loc":{"start":{"line":9,"column":2},"end":{"line":9,"column":20}},"type":"if","locations":[{"start":{"line":9,"column":2},"end":{"line":9,"column":20}},{"start":{"line":9,"column":2},"end":{"line":9,"column":20}}],"line":9},"1":{"loc":{"start":{"line":15,"column":2},"end":{"line":20,"column":3}},"type":"if","locations":[{"start":{"line":15,"column":2},"end":{"line":20,"column":3}},{"start":{"line":15,"column":2},"end":{"line":20,"column":3}}],"line":15},"2":{"loc":{"start":{"line":24,"column":4},"end":{"line":29,"column":5}},"type":"if","locations":[{"start":{"line":24,"column":4},"end":{"line":29,"column":5}},{"start":{"line":24,"column":4},"end":{"line":29,"column":5}}],"line":24}},"s":{"0":0,"1":0,"2":0,"3":0,"4":0,"5":0,"6":0,"7":0,"8":0,"9":0,"10":0,"11":0,"12":0,"13":0,"14":0,"15":0,"16":0,"17":0},"f":{"0":0,"1":0,"2":0},"b":{"0":[0,0],"1":[0,0],"2":[0,0]}}
,"C:\\Users\\humbe\\Documents\\projetos\\spotify-example-webpack\\src\\store\\reducers\\auth\\actionCreators.js": {"path":"C:\\Users\\humbe\\Documents\\projetos\\spotify-example-webpack\\src\\store\\reducers\\auth\\actionCreators.js","statementMap":{"0":{"start":{"line":4,"column":4},"end":{"line":6,"column":5}},"1":{"start":{"line":9,"column":4},"end":{"line":12,"column":5}},"2":{"start":{"line":15,"column":4},"end":{"line":18,"column":5}},"3":{"start":{"line":21,"column":4},"end":{"line":23,"column":5}},"4":{"start":{"line":26,"column":4},"end":{"line":29,"column":5}}},"fnMap":{"0":{"name":"(anonymous_0)","decl":{"start":{"line":3,"column":12},"end":{"line":3,"column":13}},"loc":{"start":{"line":3,"column":23},"end":{"line":7,"column":3}},"line":3},"1":{"name":"(anonymous_1)","decl":{"start":{"line":8,"column":12},"end":{"line":8,"column":13}},"loc":{"start":{"line":8,"column":28},"end":{"line":13,"column":3}},"line":8},"2":{"name":"(anonymous_2)","decl":{"start":{"line":14,"column":12},"end":{"line":14,"column":13}},"loc":{"start":{"line":14,"column":28},"end":{"line":19,"column":3}},"line":14},"3":{"name":"(anonymous_3)","decl":{"start":{"line":20,"column":23},"end":{"line":20,"column":24}},"loc":{"start":{"line":20,"column":34},"end":{"line":24,"column":3}},"line":20},"4":{"name":"(anonymous_4)","decl":{"start":{"line":25,"column":19},"end":{"line":25,"column":20}},"loc":{"start":{"line":25,"column":35},"end":{"line":30,"column":3}},"line":25}},"branchMap":{},"s":{"0":1,"1":2,"2":2,"3":1,"4":1},"f":{"0":1,"1":2,"2":2,"3":1,"4":1},"b":{},"_coverageSchema":"1a1c01bbd47fc00a2c39e90264f33305004495a9","hash":"bd6f1c5f992ad94ed082d6bc572ae253763ade44"}
,"C:\\Users\\humbe\\Documents\\projetos\\spotify-example-webpack\\src\\store\\reducers\\auth\\actionTypes.js": {"path":"C:\\Users\\humbe\\Documents\\projetos\\spotify-example-webpack\\src\\store\\reducers\\auth\\actionTypes.js","statementMap":{},"fnMap":{},"branchMap":{},"s":{},"f":{},"b":{},"_coverageSchema":"1a1c01bbd47fc00a2c39e90264f33305004495a9","hash":"fdcf578922e40668b094916153cc267a5c4b92a9"}
,"C:\\Users\\humbe\\Documents\\projetos\\spotify-example-webpack\\src\\store\\reducers\\auth\\module.js": {"path":"C:\\Users\\humbe\\Documents\\projetos\\spotify-example-webpack\\src\\store\\reducers\\auth\\module.js","statementMap":{},"fnMap":{},"branchMap":{},"s":{},"f":{},"b":{},"_coverageSchema":"1a1c01bbd47fc00a2c39e90264f33305004495a9","hash":"49cba5ed040f6588d13c83f80ec5a4b33f639fde"}
,"C:\\Users\\humbe\\Documents\\projetos\\spotify-example-webpack\\src\\store\\reducers\\auth\\reducer.js": {"path":"C:\\Users\\humbe\\Documents\\projetos\\spotify-example-webpack\\src\\store\\reducers\\auth\\reducer.js","statementMap":{"0":{"start":{"line":2,"column":29},"end":{"line":4,"column":1}},"1":{"start":{"line":6,"column":2},"end":{"line":19,"column":3}},"2":{"start":{"line":8,"column":6},"end":{"line":11,"column":7}},"3":{"start":{"line":13,"column":6},"end":{"line":16,"column":7}},"4":{"start":{"line":18,"column":6},"end":{"line":18,"column":18}}},"fnMap":{"0":{"name":"reducer","decl":{"start":{"line":5,"column":24},"end":{"line":5,"column":31}},"loc":{"start":{"line":5,"column":63},"end":{"line":20,"column":1}},"line":5}},"branchMap":{"0":{"loc":{"start":{"line":5,"column":32},"end":{"line":5,"column":53}},"type":"default-arg","locations":[{"start":{"line":5,"column":40},"end":{"line":5,"column":53}}],"line":5},"1":{"loc":{"start":{"line":6,"column":2},"end":{"line":19,"column":3}},"type":"switch","locations":[{"start":{"line":7,"column":4},"end":{"line":11,"column":7}},{"start":{"line":12,"column":4},"end":{"line":16,"column":7}},{"start":{"line":17,"column":4},"end":{"line":18,"column":18}}],"line":6}},"s":{"0":1,"1":3,"2":1,"3":1,"4":1},"f":{"0":3},"b":{"0":[0],"1":[1,1,1]},"_coverageSchema":"1a1c01bbd47fc00a2c39e90264f33305004495a9","hash":"879f09d9da61f58bd7c038618cf48cd071ce8c38"}
,"C:\\Users\\humbe\\Documents\\projetos\\spotify-example-webpack\\src\\store\\reducers\\auth\\sagas.js": {"path":"C:\\Users\\humbe\\Documents\\projetos\\spotify-example-webpack\\src\\store\\reducers\\auth\\sagas.js","statementMap":{"0":{"start":{"line":7,"column":2},"end":{"line":8,"column":3}},"1":{"start":{"line":12,"column":2},"end":{"line":16,"column":4}},"2":{"start":{"line":13,"column":4},"end":{"line":15,"column":7}},"3":{"start":{"line":18,"column":2},"end":{"line":18,"column":37}},"4":{"start":{"line":22,"column":2},"end":{"line":24,"column":4}},"5":{"start":{"line":23,"column":4},"end":{"line":23,"column":41}},"6":{"start":{"line":28,"column":2},"end":{"line":28,"column":68}},"7":{"start":{"line":29,"column":2},"end":{"line":29,"column":20}},"8":{"start":{"line":33,"column":2},"end":{"line":33,"column":20}},"9":{"start":{"line":34,"column":2},"end":{"line":34,"column":49}}},"fnMap":{"0":{"name":"tokenRefreshMonitor","decl":{"start":{"line":6,"column":9},"end":{"line":6,"column":28}},"loc":{"start":{"line":6,"column":39},"end":{"line":9,"column":1}},"line":6},"1":{"name":"embbedTokenOnApi","decl":{"start":{"line":11,"column":9},"end":{"line":11,"column":25}},"loc":{"start":{"line":11,"column":28},"end":{"line":19,"column":1}},"line":11},"2":{"name":"(anonymous_2)","decl":{"start":{"line":12,"column":26},"end":{"line":12,"column":27}},"loc":{"start":{"line":12,"column":37},"end":{"line":16,"column":3}},"line":12},"3":{"name":"removeTokenOnApi","decl":{"start":{"line":21,"column":9},"end":{"line":21,"column":25}},"loc":{"start":{"line":21,"column":28},"end":{"line":25,"column":1}},"line":21},"4":{"name":"(anonymous_4)","decl":{"start":{"line":22,"column":26},"end":{"line":22,"column":27}},"loc":{"start":{"line":22,"column":37},"end":{"line":24,"column":3}},"line":22},"5":{"name":"setTokenEffects","decl":{"start":{"line":27,"column":10},"end":{"line":27,"column":25}},"loc":{"start":{"line":27,"column":34},"end":{"line":30,"column":1}},"line":27},"6":{"name":"setTokenInvalid","decl":{"start":{"line":32,"column":10},"end":{"line":32,"column":25}},"loc":{"start":{"line":32,"column":28},"end":{"line":35,"column":1}},"line":32}},"branchMap":{"0":{"loc":{"start":{"line":7,"column":2},"end":{"line":8,"column":3}},"type":"if","locations":[{"start":{"line":7,"column":2},"end":{"line":8,"column":3}},{"start":{"line":7,"column":2},"end":{"line":8,"column":3}}],"line":7}},"s":{"0":0,"1":0,"2":0,"3":0,"4":0,"5":0,"6":0,"7":0,"8":0,"9":0},"f":{"0":0,"1":0,"2":0,"3":0,"4":0,"5":0,"6":0},"b":{"0":[0,0]}}
,"C:\\Users\\humbe\\Documents\\projetos\\spotify-example-webpack\\src\\store\\reducers\\songs\\actionCreators.js": {"path":"C:\\Users\\humbe\\Documents\\projetos\\spotify-example-webpack\\src\\store\\reducers\\songs\\actionCreators.js","statementMap":{"0":{"start":{"line":4,"column":4},"end":{"line":7,"column":5}},"1":{"start":{"line":11,"column":4},"end":{"line":14,"column":5}},"2":{"start":{"line":18,"column":4},"end":{"line":21,"column":5}},"3":{"start":{"line":24,"column":4},"end":{"line":26,"column":5}},"4":{"start":{"line":29,"column":4},"end":{"line":32,"column":5}},"5":{"start":{"line":35,"column":4},"end":{"line":37,"column":5}}},"fnMap":{"0":{"name":"(anonymous_0)","decl":{"start":{"line":3,"column":12},"end":{"line":3,"column":13}},"loc":{"start":{"line":3,"column":30},"end":{"line":8,"column":3}},"line":3},"1":{"name":"(anonymous_1)","decl":{"start":{"line":10,"column":12},"end":{"line":10,"column":13}},"loc":{"start":{"line":10,"column":28},"end":{"line":15,"column":3}},"line":10},"2":{"name":"(anonymous_2)","decl":{"start":{"line":17,"column":17},"end":{"line":17,"column":18}},"loc":{"start":{"line":17,"column":33},"end":{"line":22,"column":3}},"line":17},"3":{"name":"(anonymous_3)","decl":{"start":{"line":23,"column":9},"end":{"line":23,"column":10}},"loc":{"start":{"line":23,"column":20},"end":{"line":27,"column":3}},"line":23},"4":{"name":"(anonymous_4)","decl":{"start":{"line":28,"column":12},"end":{"line":28,"column":13}},"loc":{"start":{"line":28,"column":28},"end":{"line":33,"column":3}},"line":28},"5":{"name":"(anonymous_5)","decl":{"start":{"line":34,"column":14},"end":{"line":34,"column":15}},"loc":{"start":{"line":34,"column":25},"end":{"line":38,"column":3}},"line":34}},"branchMap":{},"s":{"0":1,"1":3,"2":2,"3":2,"4":4,"5":2},"f":{"0":1,"1":3,"2":2,"3":2,"4":4,"5":2},"b":{},"_coverageSchema":"1a1c01bbd47fc00a2c39e90264f33305004495a9","hash":"3c3b6694cc17fc597f7e023faa6ab204c2903ac5"}
,"C:\\Users\\humbe\\Documents\\projetos\\spotify-example-webpack\\src\\store\\reducers\\songs\\actionTypes.js": {"path":"C:\\Users\\humbe\\Documents\\projetos\\spotify-example-webpack\\src\\store\\reducers\\songs\\actionTypes.js","statementMap":{},"fnMap":{},"branchMap":{},"s":{},"f":{},"b":{},"_coverageSchema":"1a1c01bbd47fc00a2c39e90264f33305004495a9","hash":"e94410469fcf563fe34d3c924eabe8108493b45f"}
,"C:\\Users\\humbe\\Documents\\projetos\\spotify-example-webpack\\src\\store\\reducers\\songs\\module.js": {"path":"C:\\Users\\humbe\\Documents\\projetos\\spotify-example-webpack\\src\\store\\reducers\\songs\\module.js","statementMap":{},"fnMap":{},"branchMap":{},"s":{},"f":{},"b":{},"_coverageSchema":"1a1c01bbd47fc00a2c39e90264f33305004495a9","hash":"a34b6a0a81d725bd4216788e8b4e30e2d0b1f1a8"}
,"C:\\Users\\humbe\\Documents\\projetos\\spotify-example-webpack\\src\\store\\reducers\\songs\\reducer.js": {"path":"C:\\Users\\humbe\\Documents\\projetos\\spotify-example-webpack\\src\\store\\reducers\\songs\\reducer.js","statementMap":{"0":{"start":{"line":3,"column":29},"end":{"line":6,"column":1}},"1":{"start":{"line":9,"column":2},"end":{"line":39,"column":3}},"2":{"start":{"line":11,"column":6},"end":{"line":13,"column":7}},"3":{"start":{"line":15,"column":6},"end":{"line":18,"column":7}},"4":{"start":{"line":21,"column":6},"end":{"line":23,"column":7}},"5":{"start":{"line":26,"column":6},"end":{"line":30,"column":7}},"6":{"start":{"line":33,"column":6},"end":{"line":36,"column":7}},"7":{"start":{"line":38,"column":6},"end":{"line":38,"column":18}}},"fnMap":{"0":{"name":"reducer","decl":{"start":{"line":8,"column":24},"end":{"line":8,"column":31}},"loc":{"start":{"line":8,"column":63},"end":{"line":40,"column":1}},"line":8}},"branchMap":{"0":{"loc":{"start":{"line":8,"column":32},"end":{"line":8,"column":53}},"type":"default-arg","locations":[{"start":{"line":8,"column":40},"end":{"line":8,"column":53}}],"line":8},"1":{"loc":{"start":{"line":9,"column":2},"end":{"line":39,"column":3}},"type":"switch","locations":[{"start":{"line":10,"column":4},"end":{"line":13,"column":7}},{"start":{"line":14,"column":4},"end":{"line":18,"column":7}},{"start":{"line":20,"column":4},"end":{"line":23,"column":7}},{"start":{"line":24,"column":4},"end":{"line":24,"column":33}},{"start":{"line":25,"column":4},"end":{"line":30,"column":7}},{"start":{"line":32,"column":4},"end":{"line":36,"column":7}},{"start":{"line":37,"column":4},"end":{"line":38,"column":18}}],"line":9}},"s":{"0":2,"1":8,"2":0,"3":2,"4":1,"5":2,"6":2,"7":1},"f":{"0":8},"b":{"0":[0],"1":[0,2,1,1,2,2,1]},"_coverageSchema":"1a1c01bbd47fc00a2c39e90264f33305004495a9","hash":"e51718fc25f1cb7f2462230b95a69f5123080af7"}
,"C:\\Users\\humbe\\Documents\\projetos\\spotify-example-webpack\\src\\store\\reducers\\songs\\sagas.js": {"path":"C:\\Users\\humbe\\Documents\\projetos\\spotify-example-webpack\\src\\store\\reducers\\songs\\sagas.js","statementMap":{"0":{"start":{"line":7,"column":2},"end":{"line":20,"column":3}},"1":{"start":{"line":8,"column":21},"end":{"line":10,"column":5}},"2":{"start":{"line":12,"column":4},"end":{"line":17,"column":5}},"3":{"start":{"line":13,"column":20},"end":{"line":13,"column":46}},"4":{"start":{"line":14,"column":6},"end":{"line":14,"column":47}},"5":{"start":{"line":16,"column":6},"end":{"line":16,"column":60}},"6":{"start":{"line":19,"column":4},"end":{"line":19,"column":50}}},"fnMap":{"0":{"name":"searchSongs","decl":{"start":{"line":6,"column":10},"end":{"line":6,"column":21}},"loc":{"start":{"line":6,"column":30},"end":{"line":21,"column":1}},"line":6}},"branchMap":{"0":{"loc":{"start":{"line":12,"column":4},"end":{"line":17,"column":5}},"type":"if","locations":[{"start":{"line":12,"column":4},"end":{"line":17,"column":5}},{"start":{"line":12,"column":4},"end":{"line":17,"column":5}}],"line":12}},"s":{"0":0,"1":0,"2":0,"3":0,"4":0,"5":0,"6":0},"f":{"0":0},"b":{"0":[0,0]}}
,"C:\\Users\\humbe\\Documents\\projetos\\spotify-example-webpack\\src\\store\\reducers\\sound\\actionCreators.js": {"path":"C:\\Users\\humbe\\Documents\\projetos\\spotify-example-webpack\\src\\store\\reducers\\sound\\actionCreators.js","statementMap":{"0":{"start":{"line":4,"column":4},"end":{"line":7,"column":5}},"1":{"start":{"line":11,"column":4},"end":{"line":13,"column":5}},"2":{"start":{"line":17,"column":4},"end":{"line":19,"column":5}},"3":{"start":{"line":23,"column":4},"end":{"line":25,"column":5}},"4":{"start":{"line":29,"column":4},"end":{"line":32,"column":5}}},"fnMap":{"0":{"name":"(anonymous_0)","decl":{"start":{"line":3,"column":12},"end":{"line":3,"column":13}},"loc":{"start":{"line":3,"column":27},"end":{"line":8,"column":3}},"line":3},"1":{"name":"(anonymous_1)","decl":{"start":{"line":10,"column":12},"end":{"line":10,"column":13}},"loc":{"start":{"line":10,"column":23},"end":{"line":14,"column":3}},"line":10},"2":{"name":"(anonymous_2)","decl":{"start":{"line":16,"column":13},"end":{"line":16,"column":14}},"loc":{"start":{"line":16,"column":24},"end":{"line":20,"column":3}},"line":16},"3":{"name":"(anonymous_3)","decl":{"start":{"line":22,"column":14},"end":{"line":22,"column":15}},"loc":{"start":{"line":22,"column":25},"end":{"line":26,"column":3}},"line":22},"4":{"name":"(anonymous_4)","decl":{"start":{"line":28,"column":20},"end":{"line":28,"column":21}},"loc":{"start":{"line":28,"column":35},"end":{"line":33,"column":3}},"line":28}},"branchMap":{},"s":{"0":5,"1":3,"2":1,"3":2,"4":2},"f":{"0":5,"1":3,"2":1,"3":2,"4":2},"b":{},"_coverageSchema":"1a1c01bbd47fc00a2c39e90264f33305004495a9","hash":"5a629380c386ddef1e6cb817f1d655ca6953940b"}
,"C:\\Users\\humbe\\Documents\\projetos\\spotify-example-webpack\\src\\store\\reducers\\sound\\actionTypes.js": {"path":"C:\\Users\\humbe\\Documents\\projetos\\spotify-example-webpack\\src\\store\\reducers\\sound\\actionTypes.js","statementMap":{},"fnMap":{},"branchMap":{},"s":{},"f":{},"b":{},"_coverageSchema":"1a1c01bbd47fc00a2c39e90264f33305004495a9","hash":"f3e56f519083dca7fe8ce444c82ff4da9b03cff6"}
,"C:\\Users\\humbe\\Documents\\projetos\\spotify-example-webpack\\src\\store\\reducers\\sound\\module.js": {"path":"C:\\Users\\humbe\\Documents\\projetos\\spotify-example-webpack\\src\\store\\reducers\\sound\\module.js","statementMap":{},"fnMap":{},"branchMap":{},"s":{},"f":{},"b":{},"_coverageSchema":"1a1c01bbd47fc00a2c39e90264f33305004495a9","hash":"160579efbe4a3695e9c79c5de6f6a16d8e20c1eb"}
,"C:\\Users\\humbe\\Documents\\projetos\\spotify-example-webpack\\src\\store\\reducers\\sound\\reducer.js": {"path":"C:\\Users\\humbe\\Documents\\projetos\\spotify-example-webpack\\src\\store\\reducers\\sound\\reducer.js","statementMap":{"0":{"start":{"line":2,"column":29},"end":{"line":8,"column":1}},"1":{"start":{"line":11,"column":2},"end":{"line":50,"column":3}},"2":{"start":{"line":13,"column":6},"end":{"line":19,"column":7}},"3":{"start":{"line":22,"column":6},"end":{"line":27,"column":7}},"4":{"start":{"line":30,"column":6},"end":{"line":33,"column":7}},"5":{"start":{"line":36,"column":6},"end":{"line":39,"column":7}},"6":{"start":{"line":42,"column":22},"end":{"line":42,"column":61}},"7":{"start":{"line":43,"column":6},"end":{"line":46,"column":7}},"8":{"start":{"line":49,"column":6},"end":{"line":49,"column":18}}},"fnMap":{"0":{"name":"sound","decl":{"start":{"line":10,"column":24},"end":{"line":10,"column":29}},"loc":{"start":{"line":10,"column":61},"end":{"line":51,"column":1}},"line":10}},"branchMap":{"0":{"loc":{"start":{"line":10,"column":30},"end":{"line":10,"column":51}},"type":"default-arg","locations":[{"start":{"line":10,"column":38},"end":{"line":10,"column":51}}],"line":10},"1":{"loc":{"start":{"line":11,"column":2},"end":{"line":50,"column":3}},"type":"switch","locations":[{"start":{"line":12,"column":4},"end":{"line":19,"column":7}},{"start":{"line":21,"column":4},"end":{"line":27,"column":7}},{"start":{"line":29,"column":4},"end":{"line":33,"column":7}},{"start":{"line":35,"column":4},"end":{"line":39,"column":7}},{"start":{"line":41,"column":4},"end":{"line":46,"column":7}},{"start":{"line":48,"column":4},"end":{"line":49,"column":18}}],"line":11}},"s":{"0":1,"1":11,"2":4,"3":2,"4":0,"5":1,"6":1,"7":1,"8":3},"f":{"0":11},"b":{"0":[0],"1":[4,2,0,1,1,3]},"_coverageSchema":"1a1c01bbd47fc00a2c39e90264f33305004495a9","hash":"240ffe7612374a8e89a11cc4f3a14cb389401bf8"}
,"C:\\Users\\humbe\\Documents\\projetos\\spotify-example-webpack\\src\\store\\reducers\\sound\\sagas.js": {"path":"C:\\Users\\humbe\\Documents\\projetos\\spotify-example-webpack\\src\\store\\reducers\\sound\\sagas.js","statementMap":{},"fnMap":{},"branchMap":{},"s":{},"f":{},"b":{}}
,"C:\\Users\\humbe\\Documents\\projetos\\spotify-example-webpack\\src\\store\\sagas\\sagas.js": {"path":"C:\\Users\\humbe\\Documents\\projetos\\spotify-example-webpack\\src\\store\\sagas\\sagas.js","statementMap":{"0":{"start":{"line":8,"column":2},"end":{"line":8,"column":47}}},"fnMap":{"0":{"name":"sagas","decl":{"start":{"line":7,"column":25},"end":{"line":7,"column":30}},"loc":{"start":{"line":7,"column":33},"end":{"line":9,"column":1}},"line":7}},"branchMap":{},"s":{"0":0},"f":{"0":0},"b":{}}
}
